[    1986ms] [INFO] . @ https://sf-gs-frontend-sg.fanchenstatic.com/obj/she-op-static-sg/webmssdk/1.0.0.290/webmssdk.js:0
[    3246ms] [WARNING] [Bridge] This version has Break Change, please pay attention to compatibility, more details: https://zjsms.com/JXKorkC/ @ https://lf-gs-frontend-cn.fanchenstatic.com/obj/she-op-static/i18n/ecom/TTS/unihan/main/static/js/9536.636ac8c9b.js:2
[    3258ms] [WARNING] The user store has already been initialized. @ https://lf-gs-frontend-cn.fanchenstatic.com/obj/she-op-static/i18n/ecom/TTS/unihan/main/static/js/ecom-sdk.7d057631d997.js:250
[    3258ms] [WARNING] The fetch store has already been initialized. @ https://lf-gs-frontend-cn.fanchenstatic.com/obj/she-op-static/i18n/ecom/TTS/unihan/main/static/js/ecom-sdk.7d057631d997.js:250
[    3277ms] [WARNING] Locale [object Object] not found. Did you forget to load it? @ https://lf-gs-frontend-cn.fanchenstatic.com/obj/she-op-static/i18n/ecom/TTS/unihan/main/static/js/base.4b862b01df02.js:2
[    3278ms] [WARNING] Locale [object Object] not found. Did you forget to load it? @ https://lf-gs-frontend-cn.fanchenstatic.com/obj/she-op-static/i18n/ecom/TTS/unihan/main/static/js/base.4b862b01df02.js:2
[    3278ms] [WARNING] Locale [object Object] not found. Did you forget to load it? @ https://lf-gs-frontend-cn.fanchenstatic.com/obj/she-op-static/i18n/ecom/TTS/unihan/main/static/js/base.4b862b01df02.js:2
[    3278ms] [WARNING] Locale [object Object] not found. Did you forget to load it? @ https://lf-gs-frontend-cn.fanchenstatic.com/obj/she-op-static/i18n/ecom/TTS/unihan/main/static/js/base.4b862b01df02.js:2
[    3278ms] [WARNING] Locale [object Object] not found. Did you forget to load it? @ https://lf-gs-frontend-cn.fanchenstatic.com/obj/she-op-static/i18n/ecom/TTS/unihan/main/static/js/base.4b862b01df02.js:2
[    3279ms] [WARNING] Locale [object Object] not found. Did you forget to load it? @ https://lf-gs-frontend-cn.fanchenstatic.com/obj/she-op-static/i18n/ecom/TTS/unihan/main/static/js/base.4b862b01df02.js:2
[    3279ms] [WARNING] Locale [object Object] not found. Did you forget to load it? @ https://lf-gs-frontend-cn.fanchenstatic.com/obj/she-op-static/i18n/ecom/TTS/unihan/main/static/js/base.4b862b01df02.js:2
[    3279ms] [WARNING] Locale [object Object] not found. Did you forget to load it? @ https://lf-gs-frontend-cn.fanchenstatic.com/obj/she-op-static/i18n/ecom/TTS/unihan/main/static/js/base.4b862b01df02.js:2
[    3280ms] [WARNING] Locale [object Object] not found. Did you forget to load it? @ https://lf-gs-frontend-cn.fanchenstatic.com/obj/she-op-static/i18n/ecom/TTS/unihan/main/static/js/base.4b862b01df02.js:2
[    3280ms] [WARNING] Locale [object Object] not found. Did you forget to load it? @ https://lf-gs-frontend-cn.fanchenstatic.com/obj/she-op-static/i18n/ecom/TTS/unihan/main/static/js/base.4b862b01df02.js:2
[    3280ms] [WARNING] Locale [object Object] not found. Did you forget to load it? @ https://lf-gs-frontend-cn.fanchenstatic.com/obj/she-op-static/i18n/ecom/TTS/unihan/main/static/js/base.4b862b01df02.js:2
[    3282ms] [WARNING] [Infux]: The value of common may be null, Use `asyncGet()` instead @ https://lf-gs-frontend-cn.fanchenstatic.com/obj/she-op-static/i18n/ecom/TTS/unihan/main/static/js/9536.636ac8c9b.js:120
[    3299ms] [LOG] %cDynokit:Core:v0.0.59 padding: 2px; border-radius: 2px; color: rgb(255, 255, 255); background-color: rgb(54, 154, 254); Register Plugin, name: i18n_middleware, type: middleware @ https://lf-gs-frontend-cn.fanchenstatic.com/obj/she-op-static/i18n/ecom/TTS/unihan/main/static/js/9536.636ac8c9b.js:2
[    3300ms] [LOG] %cDynokit:Middleware padding: 2px; border-radius: 2px; color: rgb(255, 255, 255); background-color: rgb(0, 158, 61); Register middleware i18n_middleware success @ https://lf-gs-frontend-cn.fanchenstatic.com/obj/she-op-static/i18n/ecom/TTS/unihan/main/static/js/9536.636ac8c9b.js:2
[    3300ms] [LOG] %cDynokit:Core:v0.0.59 padding: 2px; border-radius: 2px; color: rgb(255, 255, 255); background-color: rgb(54, 154, 254); Register Plugin, name: event_middleware, type: middleware @ https://lf-gs-frontend-cn.fanchenstatic.com/obj/she-op-static/i18n/ecom/TTS/unihan/main/static/js/9536.636ac8c9b.js:2
[    3300ms] [LOG] %cDynokit:Middleware padding: 2px; border-radius: 2px; color: rgb(255, 255, 255); background-color: rgb(0, 158, 61); Register middleware event_middleware success @ https://lf-gs-frontend-cn.fanchenstatic.com/obj/she-op-static/i18n/ecom/TTS/unihan/main/static/js/9536.636ac8c9b.js:2
[    3300ms] [LOG] %cDynokit:Core:v0.0.59 padding: 2px; border-radius: 2px; color: rgb(255, 255, 255); background-color: rgb(54, 154, 254); Register Plugin, name: global_data_middleware, type: middleware @ https://lf-gs-frontend-cn.fanchenstatic.com/obj/she-op-static/i18n/ecom/TTS/unihan/main/static/js/9536.636ac8c9b.js:2
[    3300ms] [LOG] %cDynokit:Middleware padding: 2px; border-radius: 2px; color: rgb(255, 255, 255); background-color: rgb(0, 158, 61); Register middleware global_data_middleware success @ https://lf-gs-frontend-cn.fanchenstatic.com/obj/she-op-static/i18n/ecom/TTS/unihan/main/static/js/9536.636ac8c9b.js:2
[    3300ms] [LOG] %cDynokit:Core:v0.0.59 padding: 2px; border-radius: 2px; color: rgb(255, 255, 255); background-color: rgb(54, 154, 254); Register Plugin, name: default_outer_common, type: cdn_path @ https://lf-gs-frontend-cn.fanchenstatic.com/obj/she-op-static/i18n/ecom/TTS/unihan/main/static/js/9536.636ac8c9b.js:2
[    3300ms] [LOG] %cDynokit:CDN padding: 2px; border-radius: 2px; color: rgb(255, 255, 255); background-color: rgb(0, 158, 61); Register CDN path plugin default_outer_common success @ https://lf-gs-frontend-cn.fanchenstatic.com/obj/she-op-static/i18n/ecom/TTS/unihan/main/static/js/9536.636ac8c9b.js:2
[    3300ms] [LOG] %cDynokit:Core:v0.0.59 padding: 2px; border-radius: 2px; color: rgb(255, 255, 255); background-color: rgb(54, 154, 254); Register Plugin, name: scm_env, type: cdn_path @ https://lf-gs-frontend-cn.fanchenstatic.com/obj/she-op-static/i18n/ecom/TTS/unihan/main/static/js/9536.636ac8c9b.js:2
[    3300ms] [LOG] %cDynokit:CDN padding: 2px; border-radius: 2px; color: rgb(255, 255, 255); background-color: rgb(0, 158, 61); Register CDN path plugin scm_env success @ https://lf-gs-frontend-cn.fanchenstatic.com/obj/she-op-static/i18n/ecom/TTS/unihan/main/static/js/9536.636ac8c9b.js:2
[    3300ms] [LOG] %cDynokit:Core:v0.0.59 padding: 2px; border-radius: 2px; color: rgb(255, 255, 255); background-color: rgb(54, 154, 254); Register Plugin, name: oec_magellan, type: cdn_path @ https://lf-gs-frontend-cn.fanchenstatic.com/obj/she-op-static/i18n/ecom/TTS/unihan/main/static/js/9536.636ac8c9b.js:2
[    3300ms] [LOG] %cDynokit:CDN padding: 2px; border-radius: 2px; color: rgb(255, 255, 255); background-color: rgb(0, 158, 61); Register CDN path plugin oec_magellan success @ https://lf-gs-frontend-cn.fanchenstatic.com/obj/she-op-static/i18n/ecom/TTS/unihan/main/static/js/9536.636ac8c9b.js:2
[    3300ms] [LOG] %cDynokit:Core:v0.0.59 padding: 2px; border-radius: 2px; color: rgb(255, 255, 255); background-color: rgb(54, 154, 254); Register Plugin, name: osc, type: resolver @ https://lf-gs-frontend-cn.fanchenstatic.com/obj/she-op-static/i18n/ecom/TTS/unihan/main/static/js/9536.636ac8c9b.js:2
[    3300ms] [LOG] %cDynokit:Resolver padding: 2px; border-radius: 2px; color: rgb(255, 255, 255); background-color: rgb(0, 158, 61); Register resolve osc success @ https://lf-gs-frontend-cn.fanchenstatic.com/obj/she-op-static/i18n/ecom/TTS/unihan/main/static/js/9536.636ac8c9b.js:2
[    3300ms] [LOG] %cDynokit:Core:v0.0.59 padding: 2px; border-radius: 2px; color: rgb(255, 255, 255); background-color: rgb(54, 154, 254); Register Plugin, name: local, type: resolver @ https://lf-gs-frontend-cn.fanchenstatic.com/obj/she-op-static/i18n/ecom/TTS/unihan/main/static/js/9536.636ac8c9b.js:2
[    3300ms] [LOG] %cDynokit:Resolver padding: 2px; border-radius: 2px; color: rgb(255, 255, 255); background-color: rgb(0, 158, 61); Register resolve local success @ https://lf-gs-frontend-cn.fanchenstatic.com/obj/she-op-static/i18n/ecom/TTS/unihan/main/static/js/9536.636ac8c9b.js:2
[    3300ms] [LOG] %cDynokit:Core:v0.0.59 padding: 2px; border-radius: 2px; color: rgb(255, 255, 255); background-color: rgb(0, 158, 61); Create Core Instance Success. @ https://lf-gs-frontend-cn.fanchenstatic.com/obj/she-op-static/i18n/ecom/TTS/unihan/main/static/js/9536.636ac8c9b.js:2
[    3301ms] [LOG] %cDynokit:Core:v0.0.59 padding: 2px; border-radius: 2px; color: rgb(255, 255, 255); background-color: rgb(54, 154, 254); Register Plugin, name: scene_GS_POP_PC, type: resolver @ https://lf-gs-frontend-cn.fanchenstatic.com/obj/she-op-static/i18n/ecom/TTS/unihan/main/static/js/9536.636ac8c9b.js:2
[    3301ms] [LOG] %cDynokit:Resolver padding: 2px; border-radius: 2px; color: rgb(255, 255, 255); background-color: rgb(0, 158, 61); Register resolve scene_GS_POP_PC success @ https://lf-gs-frontend-cn.fanchenstatic.com/obj/she-op-static/i18n/ecom/TTS/unihan/main/static/js/9536.636ac8c9b.js:2
[    3324ms] [WARNING] The user store has already been initialized. @ https://lf-gs-frontend-cn.fanchenstatic.com/obj/she-op-static/i18n/ecom/TTS/unihan/main/static/js/ecom-sdk.7d057631d997.js:35
[    3324ms] [WARNING] The fetch store has already been initialized. @ https://lf-gs-frontend-cn.fanchenstatic.com/obj/she-op-static/i18n/ecom/TTS/unihan/main/static/js/ecom-sdk.7d057631d997.js:35
[    3409ms] [INFO] userAuth slice init @ https://lf-gs-frontend-cn.fanchenstatic.com/obj/she-op-static/i18n/ecom/TTS/unihan/main/static/js/9536.636ac8c9b.js:127
[    3455ms] [INFO] i18next-plugin suffix processor disabled! @ https://lf-gs-frontend-cn.fanchenstatic.com/obj/she-op-static/i18n/ecom/TTS/unihan/main/static/js/9536.636ac8c9b.js:2
[    3462ms] [WARNING] [SDK] 1784528257478        0 already inited @ https://sf-gs-frontend-sg.fanchenstatic.com/obj/she-op-static-sg/slardar/fe/sdk-web/browser.sg.js?bid=i18n_ecom_shop&globalName=Slardar:0
[    3462ms] [INFO] [BetterLog SDK]初始化成功，处理前置缓存数据 0 条。 @ https://lf-gs-frontend-cn.fanchenstatic.com/obj/she-op-static/i18n/ecom/TTS/unihan/main/static/js/9536.636ac8c9b.js:127
[    3482ms] [INFO] feelgood version: 0.5.4 @ https://lf-gs-frontend-cn.fanchenstatic.com/obj/she-op-static/i18n/ecom/TTS/unihan/main/static/js/9536.636ac8c9b.js:2
[    3492ms] [LOG] %cDynokit:Core:v0.0.59 padding: 2px; border-radius: 2px; color: rgb(255, 255, 255); background-color: rgb(54, 154, 254); Register Plugin, name: osc_gs, type: resolver @ https://lf-gs-frontend-cn.fanchenstatic.com/obj/she-op-static/i18n/ecom/TTS/unihan/main/static/js/9536.636ac8c9b.js:2
[    3492ms] [LOG] %cDynokit:Resolver padding: 2px; border-radius: 2px; color: rgb(255, 255, 255); background-color: rgb(0, 158, 61); Register resolve osc_gs success @ https://lf-gs-frontend-cn.fanchenstatic.com/obj/she-op-static/i18n/ecom/TTS/unihan/main/static/js/9536.636ac8c9b.js:2
[    4276ms] [INFO] . @ https://sf-gs-frontend-sg.fanchenstatic.com/obj/she-op-static-sg/webmssdk/1.0.0.290/webmssdk.js:0
[    4360ms] [WARNING] [Bridge] This version has Break Change, please pay attention to compatibility, more details: https://zjsms.com/JXKorkC/ @ https://sf-gs-frontend-sg.fanchenstatic.com/obj/she-op-static-sg/i18n/ecom/account_gs_login/TTS/unihan/account-gs-login/static/js/vendor.0fc91e.js:15
[    4417ms] [INFO] i18next-plugin suffix processor disabled! @ https://sf-gs-frontend-sg.fanchenstatic.com/obj/she-op-static-sg/i18n/ecom/account_gs_login/TTS/unihan/account-gs-login/static/js/vendor.0fc91e.js:2
[    4694ms] [VERBOSE] [DOM] Password field is not contained in a form: (More info: https://goo.gl/9p2vKq) %o @ https://seller.tiktokglobalshop.com/account/login:0
[    4694ms] [VERBOSE] [DOM] Password field is not contained in a form: (More info: https://goo.gl/9p2vKq) %o @ https://seller.tiktokglobalshop.com/account/login:0
[    4694ms] [VERBOSE] [DOM] Password field is not contained in a form: (More info: https://goo.gl/9p2vKq) %o @ https://seller.tiktokglobalshop.com/account/login:0
[    4694ms] [VERBOSE] [DOM] Password field is not contained in a form: (More info: https://goo.gl/9p2vKq) %o @ https://seller.tiktokglobalshop.com/account/login:0
[    5310ms] [INFO] . @ https://sf-gs-frontend-sg.fanchenstatic.com/obj/she-op-static-sg/webmssdk/1.0.0.290/webmssdk.js:0
[    5396ms] [WARNING] [Bridge] This version has Break Change, please pay attention to compatibility, more details: https://zjsms.com/JXKorkC/ @ https://sf-gs-frontend-sg.fanchenstatic.com/obj/she-op-static-sg/i18n/ecom/account_gs_login/TTS/unihan/account-gs-login/static/js/vendor.0fc91e.js:15
[    5449ms] [INFO] i18next-plugin suffix processor disabled! @ https://sf-gs-frontend-sg.fanchenstatic.com/obj/she-op-static-sg/i18n/ecom/account_gs_login/TTS/unihan/account-gs-login/static/js/vendor.0fc91e.js:2
[    5622ms] [VERBOSE] [DOM] Password field is not contained in a form: (More info: https://goo.gl/9p2vKq) %o @ https://seller.tiktokshopglobalselling.com/account/login:0
[    5622ms] [VERBOSE] [DOM] Password field is not contained in a form: (More info: https://goo.gl/9p2vKq) %o @ https://seller.tiktokshopglobalselling.com/account/login:0
[    5622ms] [VERBOSE] [DOM] Password field is not contained in a form: (More info: https://goo.gl/9p2vKq) %o @ https://seller.tiktokshopglobalselling.com/account/login:0
[    5622ms] [VERBOSE] [DOM] Password field is not contained in a form: (More info: https://goo.gl/9p2vKq) %o @ https://seller.tiktokshopglobalselling.com/account/login:0
[    6646ms] [ERROR] The Content Security Policy directive 'upgrade-insecure-requests' is ignored when delivered in a report-only policy. @ https://www.tiktok.com/ucenter_web/zti_web:0
[    8054ms] [LOG] iframe started @ https://sf16-website.neutral.ttwstatic.com/obj/tiktok_web_static/tiktok/account/zti/html/main/index.cb59b700c7ab1b72eb2f.js:0
[    9980ms] [INFO] Creating a worker from 'https://www.tiktok.com/sw.js' violates the following Content Security Policy directive: "script-src 'report-sample' 'inline-speculation-rules' 'wasm-unsafe-eval' accounts.google.com apis.google.com c.paypal.com cdn.ampproject.org cdnjs.cloudflare.com client-api.arkoselabs.com code.jquery.com connect.facebook.net developers.kakao.com googleads.g.doubleclick.net interactives.ap.org js-cdn.music.apple.com/musickit/v3/musickit.js js.hcaptcha.com js.hsforms.net lf16-cdn-tos.tiktokcdn-us.com/obj/static-tx/bric-captcha/core-captcha/ pay.google.com recaptcha.google.com s20.tiktokcdn.com s3.amazonaws.com sf16-website-login.neutral.tiktokcdn-eu.com/obj/tiktok_web_login_static_eu/pns/tiktok-cookie-banner/ sf16-website-login.neutral.ttwstatic.com sf16-website.neutral.ttwstatic.com sf16m-website-login.neutral.ttwstatic.com ssl.bing.com static.captchami.com tiktok.captchami.com tx41v.arkoselabs.com unpkg.com vimeo.com www.google.com www.googleadservices.com www.googleapis.com www.googletagmanager.com www.gstatic.com www.vimeo.com sf-website-login-bak.tiktokcdn.com". Note that 'worker-src' was not explicitly set, so 'script-src' is used as a fallback. The policy is report-only, so the violation has been logged but no further action has been taken. @ https://sf16-website-login.neutral.ttwstatic.com/obj/tiktok_web_login_static/tiktok_privacy_protection_framework/loader/1.0.0.951/core.js?globalName=__PNS_RUNTIME__:2
[   22401ms] [INFO] Creating a worker from 'https://www.tiktok.com/sw.js' violates the following Content Security Policy directive: "script-src 'report-sample' 'inline-speculation-rules' 'wasm-unsafe-eval' accounts.google.com apis.google.com c.paypal.com cdn.ampproject.org cdnjs.cloudflare.com client-api.arkoselabs.com code.jquery.com connect.facebook.net developers.kakao.com googleads.g.doubleclick.net interactives.ap.org js-cdn.music.apple.com/musickit/v3/musickit.js js.hcaptcha.com js.hsforms.net lf16-cdn-tos.tiktokcdn-us.com/obj/static-tx/bric-captcha/core-captcha/ pay.google.com recaptcha.google.com s20.tiktokcdn.com s3.amazonaws.com sf16-website-login.neutral.tiktokcdn-eu.com/obj/tiktok_web_login_static_eu/pns/tiktok-cookie-banner/ sf16-website-login.neutral.ttwstatic.com sf16-website.neutral.ttwstatic.com sf16m-website-login.neutral.ttwstatic.com ssl.bing.com static.captchami.com tiktok.captchami.com tx41v.arkoselabs.com unpkg.com vimeo.com www.google.com www.googleadservices.com www.googleapis.com www.googletagmanager.com www.gstatic.com www.vimeo.com sf-website-login-bak.tiktokcdn.com". Note that 'worker-src' was not explicitly set, so 'script-src' is used as a fallback. The policy is report-only, so the violation has been logged but no further action has been taken. @ https://sf16-website-login.neutral.ttwstatic.com/obj/tiktok_web_login_static/tiktok_privacy_protection_framework/loader/1.0.0.951/index.js:3
