[    1860ms] [INFO] . @ https://sf-gs-frontend-sg.fanchenstatic.com/obj/she-op-static-sg/webmssdk/1.0.0.290/webmssdk.js:0
[    1933ms] [WARNING] [Bridge] This version has Break Change, please pay attention to compatibility, more details: https://zjsms.com/JXKorkC/ @ https://sf-gs-frontend-sg.fanchenstatic.com/obj/she-op-static-sg/i18n/ecom/account_gs_login/TTS/unihan/account-gs-login/static/js/vendor.0fc91e.js:15
[    1987ms] [INFO] i18next-plugin suffix processor disabled! @ https://sf-gs-frontend-sg.fanchenstatic.com/obj/she-op-static-sg/i18n/ecom/account_gs_login/TTS/unihan/account-gs-login/static/js/vendor.0fc91e.js:2
[    2340ms] [VERBOSE] [DOM] Password field is not contained in a form: (More info: https://goo.gl/9p2vKq) %o @ https://seller.tiktokglobalshop.com/account/login?redirect_url=https%3A%2F%2Fseller.tiktokglobalshop.com%2Fproduct%2Fmanage%3Fshop_region%3DPH%26register_libra%3D:0
[    2340ms] [VERBOSE] [DOM] Password field is not contained in a form: (More info: https://goo.gl/9p2vKq) %o @ https://seller.tiktokglobalshop.com/account/login?redirect_url=https%3A%2F%2Fseller.tiktokglobalshop.com%2Fproduct%2Fmanage%3Fshop_region%3DPH%26register_libra%3D:0
[    2340ms] [VERBOSE] [DOM] Password field is not contained in a form: (More info: https://goo.gl/9p2vKq) %o @ https://seller.tiktokglobalshop.com/account/login?redirect_url=https%3A%2F%2Fseller.tiktokglobalshop.com%2Fproduct%2Fmanage%3Fshop_region%3DPH%26register_libra%3D:0
[    2340ms] [VERBOSE] [DOM] Password field is not contained in a form: (More info: https://goo.gl/9p2vKq) %o @ https://seller.tiktokglobalshop.com/account/login?redirect_url=https%3A%2F%2Fseller.tiktokglobalshop.com%2Fproduct%2Fmanage%3Fshop_region%3DPH%26register_libra%3D:0
[    2767ms] [INFO] . @ https://sf-gs-frontend-sg.fanchenstatic.com/obj/she-op-static-sg/webmssdk/1.0.0.290/webmssdk.js:0
[    2806ms] [WARNING] [Bridge] This version has Break Change, please pay attention to compatibility, more details: https://zjsms.com/JXKorkC/ @ https://sf-gs-frontend-sg.fanchenstatic.com/obj/she-op-static-sg/i18n/ecom/account_gs_login/TTS/unihan/account-gs-login/static/js/vendor.0fc91e.js:15
[    2846ms] [INFO] i18next-plugin suffix processor disabled! @ https://sf-gs-frontend-sg.fanchenstatic.com/obj/she-op-static-sg/i18n/ecom/account_gs_login/TTS/unihan/account-gs-login/static/js/vendor.0fc91e.js:2
[    3010ms] [VERBOSE] [DOM] Password field is not contained in a form: (More info: https://goo.gl/9p2vKq) %o @ https://seller.tiktokshopglobalselling.com/account/login?redirect_url=https%3A%2F%2Fseller.tiktokshopglobalselling.com%2Fproduct%2Fmanage%3Fshop_region%3DPH%26register_libra%3D:0
[    3010ms] [VERBOSE] [DOM] Password field is not contained in a form: (More info: https://goo.gl/9p2vKq) %o @ https://seller.tiktokshopglobalselling.com/account/login?redirect_url=https%3A%2F%2Fseller.tiktokshopglobalselling.com%2Fproduct%2Fmanage%3Fshop_region%3DPH%26register_libra%3D:0
[    3010ms] [VERBOSE] [DOM] Password field is not contained in a form: (More info: https://goo.gl/9p2vKq) %o @ https://seller.tiktokshopglobalselling.com/account/login?redirect_url=https%3A%2F%2Fseller.tiktokshopglobalselling.com%2Fproduct%2Fmanage%3Fshop_region%3DPH%26register_libra%3D:0
[    3010ms] [VERBOSE] [DOM] Password field is not contained in a form: (More info: https://goo.gl/9p2vKq) %o @ https://seller.tiktokshopglobalselling.com/account/login?redirect_url=https%3A%2F%2Fseller.tiktokshopglobalselling.com%2Fproduct%2Fmanage%3Fshop_region%3DPH%26register_libra%3D:0
[    7461ms] [ERROR] The Content Security Policy directive 'upgrade-insecure-requests' is ignored when delivered in a report-only policy. @ https://www.tiktok.com/ucenter_web/zti_web:0
[    7508ms] [LOG] iframe started @ https://sf16-website.neutral.ttwstatic.com/obj/tiktok_web_static/tiktok/account/zti/html/main/index.cb59b700c7ab1b72eb2f.js:0
[    7516ms] [INFO] Creating a worker from 'https://www.tiktok.com/sw.js' violates the following Content Security Policy directive: "script-src 'report-sample' 'inline-speculation-rules' 'wasm-unsafe-eval' accounts.google.com apis.google.com c.paypal.com cdn.ampproject.org cdnjs.cloudflare.com client-api.arkoselabs.com code.jquery.com connect.facebook.net developers.kakao.com googleads.g.doubleclick.net interactives.ap.org js-cdn.music.apple.com/musickit/v3/musickit.js js.hcaptcha.com js.hsforms.net lf16-cdn-tos.tiktokcdn-us.com/obj/static-tx/bric-captcha/core-captcha/ pay.google.com recaptcha.google.com s20.tiktokcdn.com s3.amazonaws.com sf16-website-login.neutral.tiktokcdn-eu.com/obj/tiktok_web_login_static_eu/pns/tiktok-cookie-banner/ sf16-website-login.neutral.ttwstatic.com sf16-website.neutral.ttwstatic.com sf16m-website-login.neutral.ttwstatic.com ssl.bing.com static.captchami.com tiktok.captchami.com tx41v.arkoselabs.com unpkg.com vimeo.com www.google.com www.googleadservices.com www.googleapis.com www.googletagmanager.com www.gstatic.com www.vimeo.com sf-website-login-bak.tiktokcdn.com". Note that 'worker-src' was not explicitly set, so 'script-src' is used as a fallback. The policy is report-only, so the violation has been logged but no further action has been taken. @ https://sf16-website-login.neutral.ttwstatic.com/obj/tiktok_web_login_static/tiktok_privacy_protection_framework/loader/1.0.0.951/index.js:3
[    7518ms] [INFO] Creating a worker from 'https://www.tiktok.com/sw.js' violates the following Content Security Policy directive: "script-src 'report-sample' 'inline-speculation-rules' 'wasm-unsafe-eval' accounts.google.com apis.google.com c.paypal.com cdn.ampproject.org cdnjs.cloudflare.com client-api.arkoselabs.com code.jquery.com connect.facebook.net developers.kakao.com googleads.g.doubleclick.net interactives.ap.org js-cdn.music.apple.com/musickit/v3/musickit.js js.hcaptcha.com js.hsforms.net lf16-cdn-tos.tiktokcdn-us.com/obj/static-tx/bric-captcha/core-captcha/ pay.google.com recaptcha.google.com s20.tiktokcdn.com s3.amazonaws.com sf16-website-login.neutral.tiktokcdn-eu.com/obj/tiktok_web_login_static_eu/pns/tiktok-cookie-banner/ sf16-website-login.neutral.ttwstatic.com sf16-website.neutral.ttwstatic.com sf16m-website-login.neutral.ttwstatic.com ssl.bing.com static.captchami.com tiktok.captchami.com tx41v.arkoselabs.com unpkg.com vimeo.com www.google.com www.googleadservices.com www.googleapis.com www.googletagmanager.com www.gstatic.com www.vimeo.com sf-website-login-bak.tiktokcdn.com". Note that 'worker-src' was not explicitly set, so 'script-src' is used as a fallback. The policy is report-only, so the violation has been logged but no further action has been taken. @ https://sf16-website-login.neutral.ttwstatic.com/obj/tiktok_web_login_static/tiktok_privacy_protection_framework/loader/1.0.0.951/core.js?globalName=__PNS_RUNTIME__:2
[    8495ms] [INFO] . @ https://sf-gs-frontend-sg.fanchenstatic.com/obj/she-op-static-sg/webmssdk/1.0.0.290/webmssdk.js:0
[    8625ms] [WARNING] The user store has already been initialized. @ https://lf-gs-frontend-cn.fanchenstatic.com/obj/she-op-static/atlas-esm/_atlas-kernel/helper/0.0.23/9642b3f1/ferryFetch.js:0
[    8632ms] [LOG] %cDynokit:Core:v0.0.64 padding: 2px; border-radius: 2px; color: rgb(255, 255, 255); background-color: rgb(54, 154, 254); Register Plugin, name: i18n_middleware, type: middleware @ https://lf-gs-frontend-cn.fanchenstatic.com/obj/she-op-static/gec/atlas/sc-gs/js/vendor.n0fkrlca.js:121
[    8632ms] [LOG] %cDynokit:Middleware padding: 2px; border-radius: 2px; color: rgb(255, 255, 255); background-color: rgb(0, 158, 61); Register middleware i18n_middleware success @ https://lf-gs-frontend-cn.fanchenstatic.com/obj/she-op-static/gec/atlas/sc-gs/js/vendor.n0fkrlca.js:121
[    8632ms] [LOG] %cDynokit:Core:v0.0.64 padding: 2px; border-radius: 2px; color: rgb(255, 255, 255); background-color: rgb(54, 154, 254); Register Plugin, name: event_middleware, type: middleware @ https://lf-gs-frontend-cn.fanchenstatic.com/obj/she-op-static/gec/atlas/sc-gs/js/vendor.n0fkrlca.js:121
[    8632ms] [LOG] %cDynokit:Middleware padding: 2px; border-radius: 2px; color: rgb(255, 255, 255); background-color: rgb(0, 158, 61); Register middleware event_middleware success @ https://lf-gs-frontend-cn.fanchenstatic.com/obj/she-op-static/gec/atlas/sc-gs/js/vendor.n0fkrlca.js:121
[    8632ms] [LOG] %cDynokit:Core:v0.0.64 padding: 2px; border-radius: 2px; color: rgb(255, 255, 255); background-color: rgb(54, 154, 254); Register Plugin, name: global_data_middleware, type: middleware @ https://lf-gs-frontend-cn.fanchenstatic.com/obj/she-op-static/gec/atlas/sc-gs/js/vendor.n0fkrlca.js:121
[    8632ms] [LOG] %cDynokit:Middleware padding: 2px; border-radius: 2px; color: rgb(255, 255, 255); background-color: rgb(0, 158, 61); Register middleware global_data_middleware success @ https://lf-gs-frontend-cn.fanchenstatic.com/obj/she-op-static/gec/atlas/sc-gs/js/vendor.n0fkrlca.js:121
[    8632ms] [LOG] %cDynokit:Core:v0.0.64 padding: 2px; border-radius: 2px; color: rgb(255, 255, 255); background-color: rgb(54, 154, 254); Register Plugin, name: default_outer_common, type: cdn_path @ https://lf-gs-frontend-cn.fanchenstatic.com/obj/she-op-static/gec/atlas/sc-gs/js/vendor.n0fkrlca.js:121
[    8632ms] [LOG] %cDynokit:CDN padding: 2px; border-radius: 2px; color: rgb(255, 255, 255); background-color: rgb(0, 158, 61); Register CDN path plugin default_outer_common success @ https://lf-gs-frontend-cn.fanchenstatic.com/obj/she-op-static/gec/atlas/sc-gs/js/vendor.n0fkrlca.js:121
[    8632ms] [LOG] %cDynokit:Core:v0.0.64 padding: 2px; border-radius: 2px; color: rgb(255, 255, 255); background-color: rgb(54, 154, 254); Register Plugin, name: scm_env, type: cdn_path @ https://lf-gs-frontend-cn.fanchenstatic.com/obj/she-op-static/gec/atlas/sc-gs/js/vendor.n0fkrlca.js:121
[    8632ms] [LOG] %cDynokit:CDN padding: 2px; border-radius: 2px; color: rgb(255, 255, 255); background-color: rgb(0, 158, 61); Register CDN path plugin scm_env success @ https://lf-gs-frontend-cn.fanchenstatic.com/obj/she-op-static/gec/atlas/sc-gs/js/vendor.n0fkrlca.js:121
[    8632ms] [LOG] %cDynokit:Core:v0.0.64 padding: 2px; border-radius: 2px; color: rgb(255, 255, 255); background-color: rgb(54, 154, 254); Register Plugin, name: oec_magellan, type: cdn_path @ https://lf-gs-frontend-cn.fanchenstatic.com/obj/she-op-static/gec/atlas/sc-gs/js/vendor.n0fkrlca.js:121
[    8632ms] [LOG] %cDynokit:CDN padding: 2px; border-radius: 2px; color: rgb(255, 255, 255); background-color: rgb(0, 158, 61); Register CDN path plugin oec_magellan success @ https://lf-gs-frontend-cn.fanchenstatic.com/obj/she-op-static/gec/atlas/sc-gs/js/vendor.n0fkrlca.js:121
[    8633ms] [LOG] %cDynokit:Core:v0.0.64 padding: 2px; border-radius: 2px; color: rgb(255, 255, 255); background-color: rgb(54, 154, 254); Register Plugin, name: osc, type: resolver @ https://lf-gs-frontend-cn.fanchenstatic.com/obj/she-op-static/gec/atlas/sc-gs/js/vendor.n0fkrlca.js:121
[    8633ms] [LOG] %cDynokit:Resolver padding: 2px; border-radius: 2px; color: rgb(255, 255, 255); background-color: rgb(0, 158, 61); Register resolve osc success @ https://lf-gs-frontend-cn.fanchenstatic.com/obj/she-op-static/gec/atlas/sc-gs/js/vendor.n0fkrlca.js:121
[    8633ms] [LOG] %cDynokit:Core:v0.0.64 padding: 2px; border-radius: 2px; color: rgb(255, 255, 255); background-color: rgb(54, 154, 254); Register Plugin, name: local, type: resolver @ https://lf-gs-frontend-cn.fanchenstatic.com/obj/she-op-static/gec/atlas/sc-gs/js/vendor.n0fkrlca.js:121
[    8633ms] [LOG] %cDynokit:Resolver padding: 2px; border-radius: 2px; color: rgb(255, 255, 255); background-color: rgb(0, 158, 61); Register resolve local success @ https://lf-gs-frontend-cn.fanchenstatic.com/obj/she-op-static/gec/atlas/sc-gs/js/vendor.n0fkrlca.js:121
[    8633ms] [LOG] %cDynokit:Core:v0.0.64 padding: 2px; border-radius: 2px; color: rgb(255, 255, 255); background-color: rgb(0, 158, 61); Create Core Instance Success. @ https://lf-gs-frontend-cn.fanchenstatic.com/obj/she-op-static/gec/atlas/sc-gs/js/vendor.n0fkrlca.js:121
[    8633ms] [LOG] %cDynokit:Core:v0.0.64 padding: 2px; border-radius: 2px; color: rgb(255, 255, 255); background-color: rgb(54, 154, 254); Register Plugin, name: scene_Atlas, type: resolver @ https://lf-gs-frontend-cn.fanchenstatic.com/obj/she-op-static/gec/atlas/sc-gs/js/vendor.n0fkrlca.js:121
[    8633ms] [LOG] %cDynokit:Resolver padding: 2px; border-radius: 2px; color: rgb(255, 255, 255); background-color: rgb(0, 158, 61); Register resolve scene_Atlas success @ https://lf-gs-frontend-cn.fanchenstatic.com/obj/she-op-static/gec/atlas/sc-gs/js/vendor.n0fkrlca.js:121
[    8655ms] [LOG] [Sidebar] Using menu data from atlas_inject_workbench-base-info @ https://lf-gs-frontend-cn.fanchenstatic.com/obj/she-op-static/gec/atlas/sc-gs/js/common.cvjukuqt.js:1
[    8658ms] [WARNING] %c[Gateway common get]%c
The common user info is responding via gateway and it just partially of the common get client API.
Please take care the business logic when you're using fields of useSellerCommon / useSellerUser hooks.
Some fields may not be initialized, and you need to fetch them by your own. background: #F53F3F; padding: 10px; color: #fff; font-size: 16px;  @ https://lf-gs-frontend-cn.fanchenstatic.com/obj/she-op-static/gec/atlas/sc-gs/entries/de7f8542/pop.js:7
[    8987ms] [LOG] ---scriptEntries [PerformanceResourceTiming] @ https://lf-gs-frontend-cn.fanchenstatic.com/obj/she-op-static/i18n/ecom/next/product_manage_page/js/useCachelessCategoryTranslation.eqza6d1s.js:0
[    8987ms] [LOG] [performance] reportFirstCustomPerformance manage_entry_starttime 528.3000000119209 @ https://lf-gs-frontend-cn.fanchenstatic.com/obj/she-op-static/i18n/ecom/next/product_manage_page/js/useCachelessCategoryTranslation.eqza6d1s.js:0
[    8988ms] [LOG] [performance] reportFirstCustomPerformance manage_entry_duration 24.69999998807907 @ https://lf-gs-frontend-cn.fanchenstatic.com/obj/she-op-static/i18n/ecom/next/product_manage_page/js/useCachelessCategoryTranslation.eqza6d1s.js:0
[    8988ms] [LOG] [performance] reportFirstCustomPerformance manage_entry_response_end 553 @ https://lf-gs-frontend-cn.fanchenstatic.com/obj/she-op-static/i18n/ecom/next/product_manage_page/js/useCachelessCategoryTranslation.eqza6d1s.js:0
[    8988ms] [LOG] [performance] reportFirstCustomPerformance manage_entry_wait_response 1.7000000476837158 @ https://lf-gs-frontend-cn.fanchenstatic.com/obj/she-op-static/i18n/ecom/next/product_manage_page/js/useCachelessCategoryTranslation.eqza6d1s.js:0
[    8988ms] [LOG] [performance] reportFirstCustomPerformance manage_entry_content_download 21.399999976158142 @ https://lf-gs-frontend-cn.fanchenstatic.com/obj/she-op-static/i18n/ecom/next/product_manage_page/js/useCachelessCategoryTranslation.eqza6d1s.js:0
[    8996ms] [WARNING] @byted/hooks: SyntaxError: "undefined" is not valid JSON @ https://lf-gs-frontend-cn.fanchenstatic.com/obj/she-op-static/i18n/ecom/next/product_manage_page/js/es.nn3pc248.js:18
[    8997ms] [WARNING] @byted/hooks: SyntaxError: "undefined" is not valid JSON @ https://lf-gs-frontend-cn.fanchenstatic.com/obj/she-op-static/i18n/ecom/next/product_manage_page/js/es.nn3pc248.js:18
[    9000ms] [WARNING] @byted/hooks: SyntaxError: "undefined" is not valid JSON @ https://lf-gs-frontend-cn.fanchenstatic.com/obj/she-op-static/i18n/ecom/next/product_manage_page/js/es.nn3pc248.js:18
[    9008ms] [WARNING] @byted/hooks: SyntaxError: "undefined" is not valid JSON @ https://lf-gs-frontend-cn.fanchenstatic.com/obj/she-op-static/i18n/ecom/next/product_manage_page/js/es.nn3pc248.js:18
[    9090ms] [LOG] [debug] actionDataPromise @ https://lf-gs-frontend-cn.fanchenstatic.com/obj/she-op-static/i18n/ecom/next/product_manage_page/entry/product-manage.l93muwoe.js:191
[    9099ms] [LOG] [performance] reportFirstCustomPerformance business_core_api_start 1288 @ https://lf-gs-frontend-cn.fanchenstatic.com/obj/she-op-static/i18n/ecom/next/product_manage_page/js/useCachelessCategoryTranslation.eqza6d1s.js:0
[    9099ms] [LOG] [debug] get table data promise @ https://lf-gs-frontend-cn.fanchenstatic.com/obj/she-op-static/i18n/ecom/next/product_manage_page/entry/product-manage.l93muwoe.js:185
[    9122ms] [LOG] [Tracker] Tracker instance started. @ https://lf-gs-frontend-cn.fanchenstatic.com/obj/she-op-static/i18n/ecom/next/product_manage_page/entry/product-manage.l93muwoe.js:10
[    9160ms] [LOG] %cDynokit:Core:v0.0.64 padding: 2px; border-radius: 2px; color: rgb(255, 255, 255); background-color: rgb(0, 158, 61); Create widget @ads/creation-sdk {} @ https://lf-gs-frontend-cn.fanchenstatic.com/obj/she-op-static/gec/atlas/sc-gs/js/vendor.n0fkrlca.js:121
[    9161ms] [LOG] %cDynokit:Core:v0.0.64 padding: 2px; border-radius: 2px; color: rgb(255, 255, 255); background-color: rgb(0, 158, 61); Create widget @ads/creation-sdk from cache {} @ https://lf-gs-frontend-cn.fanchenstatic.com/obj/she-op-static/gec/atlas/sc-gs/js/vendor.n0fkrlca.js:121
[    9210ms] [LOG] %cDynokit:Core:v0.0.64 padding: 2px; border-radius: 2px; color: rgb(255, 255, 255); background-color: rgb(0, 158, 61); Create widget @seller/product-sales-inheritance {resolver: osc, uk: undefined} @ https://lf-gs-frontend-cn.fanchenstatic.com/obj/she-op-static/gec/atlas/sc-gs/js/vendor.n0fkrlca.js:121
[    9403ms] [ERROR] better-log-form: betterLogSDK @ https://lf16-scmcdn.oecstatic.com/obj/oec-magellan-sg/gec/atlas/mf_finance/entries/815fda07/tax-info/taxUS.js:419
[    9471ms] [WARNING] @byted/hooks: SyntaxError: "undefined" is not valid JSON @ https://lf16-scmcdn.oecstatic.com/obj/oec-magellan-sg/gec/atlas/mf_finance/entries/815fda07/tax-info/taxUS.js:3
[    9507ms] [LOG] %cDynokit:Resolver padding: 2px; border-radius: 2px; color: rgb(255, 255, 255); background-color: rgb(0, 158, 61); Resolve widget name @ads/creation-sdk from remote @ https://lf-gs-frontend-cn.fanchenstatic.com/obj/she-op-static/gec/atlas/sc-gs/js/vendor.n0fkrlca.js:121
[    9507ms] [LOG] %cDynokit:Resolver padding: 2px; border-radius: 2px; color: rgb(255, 255, 255); background-color: rgb(0, 158, 61); Resolve widget name @seller/product-sales-inheritance from remote @ https://lf-gs-frontend-cn.fanchenstatic.com/obj/she-op-static/gec/atlas/sc-gs/js/vendor.n0fkrlca.js:121
[    9507ms] [LOG] %cDynokit:MF padding: 2px; border-radius: 2px; color: rgb(255, 255, 255); background-color: rgb(54, 154, 254); Start load widget @ https://lf-gs-frontend-cn.fanchenstatic.com/obj/she-op-static/gec/atlas/sc-gs/js/vendor.n0fkrlca.js:121
[    9507ms] [LOG] %cDynokit:MF padding: 2px; border-radius: 2px; color: rgb(255, 255, 255); background-color: rgb(54, 154, 254); Start load widget @ https://lf-gs-frontend-cn.fanchenstatic.com/obj/she-op-static/gec/atlas/sc-gs/js/vendor.n0fkrlca.js:121
[    9627ms] [LOG] builtIn.enableExtraSnsSubscribeConfirm {showAddProductButtonWithDropDown: false, showMediaCenterEntry: true, showBundleEntrance: false, showBulkOptimizationInBatchGroup: false, showMaterialCentreEntryInBatchGroup: false} @ https://lf-gs-frontend-cn.fanchenstatic.com/obj/she-op-static/i18n/ecom/next/product_manage_page/js/SubscribeDrawer.hl2lelns.js:15
[    9825ms] [LOG] start x_inp @ https://lf16-scmcdn.oecstatic.com/obj/oec-magellan-sg/i18n/ecom/business/lite-creation/1.0.0.1050/static/js/_ads_creation_sdk.4237bd81.js:1
[    9829ms] [LOG] env undefined false @ https://lf16-scmcdn.oecstatic.com/obj/oec-magellan-sg/i18n/ecom/business/lite-creation/1.0.0.1050/static/js/_ads_creation_sdk.4237bd81.js:1
[    9849ms] [LOG] env undefined false @ https://lf16-scmcdn.oecstatic.com/obj/oec-magellan-sg/i18n/ecom/business/lite-creation/1.0.0.1050/static/js/_ads_creation_sdk.4237bd81.js:1
[    9880ms] [LOG] %cDynokit:@ads/creation-sdk padding: 2px; border-radius: 2px; color: rgb(255, 255, 255); background-color: rgb(0, 158, 61); create widget instance success. @ https://lf-gs-frontend-cn.fanchenstatic.com/obj/she-op-static/gec/atlas/sc-gs/js/vendor.n0fkrlca.js:121
[    9880ms] [LOG] %cDynokit:@ads/creation-sdk padding: 2px; border-radius: 2px; color: rgb(255, 255, 255); background-color: rgb(54, 154, 254); Mount widget undefined {locale: zh-CN, source: product} @ https://lf-gs-frontend-cn.fanchenstatic.com/obj/she-op-static/gec/atlas/sc-gs/js/vendor.n0fkrlca.js:121
[    9880ms] [LOG] %cDynokit:@ads/creation-sdk padding: 2px; border-radius: 2px; color: rgb(255, 255, 255); background-color: rgb(54, 154, 254); Mount widget undefined {locale: zh-CN, source: product} @ https://lf-gs-frontend-cn.fanchenstatic.com/obj/she-op-static/gec/atlas/sc-gs/js/vendor.n0fkrlca.js:121
[    9880ms] [LOG] %cDynokit:@ads/creation-sdk padding: 2px; border-radius: 2px; color: rgb(255, 255, 255); background-color: rgb(54, 154, 254); Resolve result {name: @ads/creation-sdk, version: 1.0.0.1050, cdn: oec_magellan, dependencies: Array(1), extra: Object} @ https://lf-gs-frontend-cn.fanchenstatic.com/obj/she-op-static/gec/atlas/sc-gs/js/vendor.n0fkrlca.js:121
[    9880ms] [LOG] %cDynokit:@ads/creation-sdk padding: 2px; border-radius: 2px; color: rgb(255, 255, 255); background-color: rgb(54, 154, 254); Apply middleware [global_data_middleware, event_middleware, i18n_middleware] @ https://lf-gs-frontend-cn.fanchenstatic.com/obj/she-op-static/gec/atlas/sc-gs/js/vendor.n0fkrlca.js:121
[    9880ms] [LOG] %cDynokit:@ads/creation-sdk padding: 2px; border-radius: 2px; color: rgb(255, 255, 255); background-color: rgb(54, 154, 254); Widget load cost: 719.0999999642372ms @ https://lf-gs-frontend-cn.fanchenstatic.com/obj/she-op-static/gec/atlas/sc-gs/js/vendor.n0fkrlca.js:121
[    9880ms] [LOG] %cDynokit:@ads/creation-sdk padding: 2px; border-radius: 2px; color: rgb(255, 255, 255); background-color: rgb(0, 158, 61); Mount widget from remote undefined {locale: zh-CN, source: product} @ https://lf-gs-frontend-cn.fanchenstatic.com/obj/she-op-static/gec/atlas/sc-gs/js/vendor.n0fkrlca.js:121
[    9888ms] [INFO] [Staring Info] Starling Client Params: {locale: zh-CN, client: Object, node: Object} @ https://lf16-scmcdn.oecstatic.com/obj/oec-magellan-sg/i18n/ecom/business/lite-creation/1.0.0.1050/static/js/_ads_creation_sdk.4237bd81.js:1
[    9892ms] [LOG] init ====> {disableAutoStart: true, app_id: 4068, channel: sg, channel_type: tcpy, useOverseaTea: true} @ https://lf16-scmcdn.oecstatic.com/obj/oec-magellan-sg/i18n/ecom/business/lite-creation/1.0.0.1050/static/js/_ads_creation_sdk.4237bd81.js:1
[    9897ms] [LOG] %cDynokit:@ads/creation-sdk padding: 2px; border-radius: 2px; color: rgb(255, 255, 255); background-color: rgb(0, 158, 61); create widget instance success. @ https://lf-gs-frontend-cn.fanchenstatic.com/obj/she-op-static/gec/atlas/sc-gs/js/vendor.n0fkrlca.js:121
[    9897ms] [LOG] %cDynokit:@ads/creation-sdk padding: 2px; border-radius: 2px; color: rgb(255, 255, 255); background-color: rgb(54, 154, 254); Mount widget undefined {locale: zh-CN, source: product} @ https://lf-gs-frontend-cn.fanchenstatic.com/obj/she-op-static/gec/atlas/sc-gs/js/vendor.n0fkrlca.js:121
[    9897ms] [LOG] %cDynokit:@ads/creation-sdk padding: 2px; border-radius: 2px; color: rgb(255, 255, 255); background-color: rgb(54, 154, 254); Mount widget undefined {locale: zh-CN, source: product} @ https://lf-gs-frontend-cn.fanchenstatic.com/obj/she-op-static/gec/atlas/sc-gs/js/vendor.n0fkrlca.js:121
[    9897ms] [LOG] %cDynokit:@ads/creation-sdk padding: 2px; border-radius: 2px; color: rgb(255, 255, 255); background-color: rgb(54, 154, 254); Resolve result {name: @ads/creation-sdk, version: 1.0.0.1050, cdn: oec_magellan, dependencies: Array(1), extra: Object} @ https://lf-gs-frontend-cn.fanchenstatic.com/obj/she-op-static/gec/atlas/sc-gs/js/vendor.n0fkrlca.js:121
[    9897ms] [LOG] %cDynokit:@ads/creation-sdk padding: 2px; border-radius: 2px; color: rgb(255, 255, 255); background-color: rgb(54, 154, 254); Apply middleware [global_data_middleware, event_middleware, i18n_middleware] @ https://lf-gs-frontend-cn.fanchenstatic.com/obj/she-op-static/gec/atlas/sc-gs/js/vendor.n0fkrlca.js:121
[    9897ms] [LOG] %cDynokit:@ads/creation-sdk padding: 2px; border-radius: 2px; color: rgb(255, 255, 255); background-color: rgb(54, 154, 254); Widget load cost: 719.0999999642372ms @ https://lf-gs-frontend-cn.fanchenstatic.com/obj/she-op-static/gec/atlas/sc-gs/js/vendor.n0fkrlca.js:121
[    9897ms] [LOG] %cDynokit:@ads/creation-sdk padding: 2px; border-radius: 2px; color: rgb(255, 255, 255); background-color: rgb(0, 158, 61); Mount widget from remote undefined {locale: zh-CN, source: product} @ https://lf-gs-frontend-cn.fanchenstatic.com/obj/she-op-static/gec/atlas/sc-gs/js/vendor.n0fkrlca.js:121
[    9897ms] [LOG] %cDynokit:@ads/creation-sdk padding: 2px; border-radius: 2px; color: rgb(255, 255, 255); background-color: rgb(0, 158, 61); Mount widget from remote undefined {locale: zh-CN, source: product} @ https://lf-gs-frontend-cn.fanchenstatic.com/obj/she-op-static/gec/atlas/sc-gs/js/vendor.n0fkrlca.js:121
[    9900ms] [LOG] init ====> {disableAutoStart: true, app_id: 4068, channel: sg, channel_type: tcpy, useOverseaTea: true} @ https://lf16-scmcdn.oecstatic.com/obj/oec-magellan-sg/i18n/ecom/business/lite-creation/1.0.0.1050/static/js/_ads_creation_sdk.4237bd81.js:1
[    9900ms] [WARNING] [instance: sellerTea], every instance's api: init,  can be call only one time! @ https://lf16-scmcdn.oecstatic.com/obj/oec-magellan-sg/i18n/ecom/business/lite-creation/1.0.0.1050/static/js/_ads_creation_sdk.4237bd81.js:1
[    9903ms] [WARNING] Starling_intl: [WARNING] Plugin: e has beeninit installed. @ https://lf16-scmcdn.oecstatic.com/obj/oec-magellan-sg/i18n/ecom/business/lite-creation/1.0.0.1050/static/js/_ads_creation_sdk.4237bd81.js:1
[    9905ms] [INFO] [Staring Info] Starling Client Params: {locale: zh-CN, client: Object, node: Object} @ https://lf16-scmcdn.oecstatic.com/obj/oec-magellan-sg/i18n/ecom/business/lite-creation/1.0.0.1050/static/js/_ads_creation_sdk.4237bd81.js:1
[    9906ms] [LOG] init ====> {disableAutoStart: true, app_id: 4068, channel: sg, channel_type: tcpy, useOverseaTea: true} @ https://lf16-scmcdn.oecstatic.com/obj/oec-magellan-sg/i18n/ecom/business/lite-creation/1.0.0.1050/static/js/_ads_creation_sdk.4237bd81.js:1
[    9906ms] [WARNING] [instance: sellerTea], every instance's api: init,  can be call only one time! @ https://lf16-scmcdn.oecstatic.com/obj/oec-magellan-sg/i18n/ecom/business/lite-creation/1.0.0.1050/static/js/_ads_creation_sdk.4237bd81.js:1
[    9981ms] [LOG] init ====> {disableAutoStart: true, app_id: 4068, channel: sg, channel_type: tcpy, useOverseaTea: true} @ https://lf16-scmcdn.oecstatic.com/obj/oec-magellan-sg/i18n/ecom/business/lite-creation/1.0.0.1050/static/js/_ads_creation_sdk.4237bd81.js:1
[    9981ms] [WARNING] [instance: sellerTea], every instance's api: init,  can be call only one time! @ https://lf16-scmcdn.oecstatic.com/obj/oec-magellan-sg/i18n/ecom/business/lite-creation/1.0.0.1050/static/js/_ads_creation_sdk.4237bd81.js:1
[    9982ms] [WARNING] [SDK] 1784530766063        0 already inited @ https://lf16-scmcdn.oecstatic.com/obj/oec-magellan-sg/i18n/ecom/business/lite-creation/1.0.0.1050/static/js/_ads_creation_sdk.4237bd81.js:1
[    9983ms] [LOG] init ====> {disableAutoStart: true, app_id: 4068, channel: sg, channel_type: tcpy, useOverseaTea: true} @ https://lf16-scmcdn.oecstatic.com/obj/oec-magellan-sg/i18n/ecom/business/lite-creation/1.0.0.1050/static/js/_ads_creation_sdk.4237bd81.js:1
[    9983ms] [WARNING] [instance: sellerTea], every instance's api: init,  can be call only one time! @ https://lf16-scmcdn.oecstatic.com/obj/oec-magellan-sg/i18n/ecom/business/lite-creation/1.0.0.1050/static/js/_ads_creation_sdk.4237bd81.js:1
[    9983ms] [WARNING] [SDK] 1784530766065        1 already inited @ https://lf16-scmcdn.oecstatic.com/obj/oec-magellan-sg/i18n/ecom/business/lite-creation/1.0.0.1050/static/js/_ads_creation_sdk.4237bd81.js:1
[    9984ms] [LOG] init ====> {disableAutoStart: true, app_id: 4068, channel: sg, channel_type: tcpy, useOverseaTea: true} @ https://lf16-scmcdn.oecstatic.com/obj/oec-magellan-sg/i18n/ecom/business/lite-creation/1.0.0.1050/static/js/_ads_creation_sdk.4237bd81.js:1
[    9984ms] [WARNING] [instance: sellerTea], every instance's api: init,  can be call only one time! @ https://lf16-scmcdn.oecstatic.com/obj/oec-magellan-sg/i18n/ecom/business/lite-creation/1.0.0.1050/static/js/_ads_creation_sdk.4237bd81.js:1
[    9984ms] [WARNING] [SDK] 1784530766066        2 already inited @ https://lf16-scmcdn.oecstatic.com/obj/oec-magellan-sg/i18n/ecom/business/lite-creation/1.0.0.1050/static/js/_ads_creation_sdk.4237bd81.js:1
[    9984ms] [LOG] init ====> {disableAutoStart: true, app_id: 4068, channel: sg, channel_type: tcpy, useOverseaTea: true} @ https://lf16-scmcdn.oecstatic.com/obj/oec-magellan-sg/i18n/ecom/business/lite-creation/1.0.0.1050/static/js/_ads_creation_sdk.4237bd81.js:1
[    9984ms] [WARNING] [instance: sellerTea], every instance's api: init,  can be call only one time! @ https://lf16-scmcdn.oecstatic.com/obj/oec-magellan-sg/i18n/ecom/business/lite-creation/1.0.0.1050/static/js/_ads_creation_sdk.4237bd81.js:1
[    9985ms] [WARNING] [SDK] 1784530766066        3 already inited @ https://lf16-scmcdn.oecstatic.com/obj/oec-magellan-sg/i18n/ecom/business/lite-creation/1.0.0.1050/static/js/_ads_creation_sdk.4237bd81.js:1
[    9985ms] [LOG] init ====> {disableAutoStart: true, app_id: 4068, channel: sg, channel_type: tcpy, useOverseaTea: true} @ https://lf16-scmcdn.oecstatic.com/obj/oec-magellan-sg/i18n/ecom/business/lite-creation/1.0.0.1050/static/js/_ads_creation_sdk.4237bd81.js:1
[    9985ms] [WARNING] [instance: sellerTea], every instance's api: init,  can be call only one time! @ https://lf16-scmcdn.oecstatic.com/obj/oec-magellan-sg/i18n/ecom/business/lite-creation/1.0.0.1050/static/js/_ads_creation_sdk.4237bd81.js:1
[   10012ms] [LOG] builtIn.enableExtraSnsSubscribeConfirm {showAddProductButtonWithDropDown: false, showMediaCenterEntry: true, showBundleEntrance: false, showBulkOptimizationInBatchGroup: false, showMaterialCentreEntryInBatchGroup: false} @ https://lf-gs-frontend-cn.fanchenstatic.com/obj/she-op-static/i18n/ecom/next/product_manage_page/js/SubscribeDrawer.hl2lelns.js:15
[   10063ms] [LOG] builtIn.enableExtraSnsSubscribeConfirm {showAddProductButtonWithDropDown: false, showMediaCenterEntry: true, showBundleEntrance: false, showBulkOptimizationInBatchGroup: false, showMaterialCentreEntryInBatchGroup: false} @ https://lf-gs-frontend-cn.fanchenstatic.com/obj/she-op-static/i18n/ecom/next/product_manage_page/js/SubscribeDrawer.hl2lelns.js:15
[   10196ms] [WARNING] Cannot assign to read only property 'call' of object '#<Object>' @ https://lf-gs-frontend-cn.fanchenstatic.com/obj/she-op-static/gec/altas/account-exp/entries/5f4a8627/utils.js:145
[   10196ms] [LOG] %cAccountApi Version >>>>%O background: #222; color: #bada55 2.1.3-tiktokbeta.2 @ https://lf-gs-frontend-cn.fanchenstatic.com/obj/she-op-static/gec/altas/account-exp/entries/5f4a8627/utils.js:19
[   10200ms] [LOG] >> lang en @ https://lf-gs-frontend-cn.fanchenstatic.com/obj/she-op-static/gec/altas/account-exp/js/@byted-sdk/tiktok-web-verification.pb2fbfu8.js:1
[   10200ms] [LOG] >>> twv I18n isInitialized false @ https://lf-gs-frontend-cn.fanchenstatic.com/obj/she-op-static/gec/altas/account-exp/js/@byted-sdk/tiktok-web-verification.pb2fbfu8.js:1
[   10205ms] [LOG] init ====> {disableAutoStart: true, app_id: 4068, channel: sg, channel_type: tcpy, useOverseaTea: true} @ https://lf16-scmcdn.oecstatic.com/obj/oec-magellan-sg/i18n/ecom/business/lite-creation/1.0.0.1050/static/js/_ads_creation_sdk.4237bd81.js:1
[   10205ms] [WARNING] [instance: sellerTea], every instance's api: init,  can be call only one time! @ https://lf16-scmcdn.oecstatic.com/obj/oec-magellan-sg/i18n/ecom/business/lite-creation/1.0.0.1050/static/js/_ads_creation_sdk.4237bd81.js:1
[   10206ms] [LOG] %cDynokit:Core:v0.0.64 padding: 2px; border-radius: 2px; color: rgb(255, 255, 255); background-color: rgb(54, 154, 254); Register Plugin, name: sitebuilder_wba_obj, type: resolver @ https://lf-gs-frontend-cn.fanchenstatic.com/obj/she-op-static/gec/atlas/sc-gs/js/vendor.n0fkrlca.js:121
[   10206ms] [LOG] %cDynokit:Resolver padding: 2px; border-radius: 2px; color: rgb(255, 255, 255); background-color: rgb(0, 158, 61); Register resolve sitebuilder_wba_obj success @ https://lf-gs-frontend-cn.fanchenstatic.com/obj/she-op-static/gec/atlas/sc-gs/js/vendor.n0fkrlca.js:121
[   10206ms] [LOG] %cDynokit:Core:v0.0.64 padding: 2px; border-radius: 2px; color: rgb(255, 255, 255); background-color: rgb(54, 154, 254); Register Plugin, name: sitebuilder_wba, type: resolver @ https://lf-gs-frontend-cn.fanchenstatic.com/obj/she-op-static/gec/atlas/sc-gs/js/vendor.n0fkrlca.js:121
[   10206ms] [LOG] %cDynokit:Resolver padding: 2px; border-radius: 2px; color: rgb(255, 255, 255); background-color: rgb(0, 158, 61); Register resolve sitebuilder_wba success @ https://lf-gs-frontend-cn.fanchenstatic.com/obj/she-op-static/gec/atlas/sc-gs/js/vendor.n0fkrlca.js:121
[   10246ms] [LOG] builtIn.enableExtraSnsSubscribeConfirm {showAddProductButtonWithDropDown: false, showMediaCenterEntry: true, showBundleEntrance: false, showBulkOptimizationInBatchGroup: false, showMaterialCentreEntryInBatchGroup: false} @ https://lf-gs-frontend-cn.fanchenstatic.com/obj/she-op-static/i18n/ecom/next/product_manage_page/js/SubscribeDrawer.hl2lelns.js:15
[   10320ms] [WARNING] [SDK] 1784530766402        4 already inited @ https://lf16-scmcdn.oecstatic.com/obj/oec-magellan-sg/i18n/ecom/business/lite-creation/1.0.0.1050/static/js/_ads_creation_sdk.4237bd81.js:1
[   10321ms] [LOG] init ====> {disableAutoStart: true, app_id: 4068, channel: sg, channel_type: tcpy, useOverseaTea: true} @ https://lf16-scmcdn.oecstatic.com/obj/oec-magellan-sg/i18n/ecom/business/lite-creation/1.0.0.1050/static/js/_ads_creation_sdk.4237bd81.js:1
[   10321ms] [WARNING] [instance: sellerTea], every instance's api: init,  can be call only one time! @ https://lf16-scmcdn.oecstatic.com/obj/oec-magellan-sg/i18n/ecom/business/lite-creation/1.0.0.1050/static/js/_ads_creation_sdk.4237bd81.js:1
[   10350ms] [LOG] oec capture init {commonOptions: Object, captchaOptions: Object} @ https://sf16-website-login.neutral.ttwstatic.com/obj/tiktok_web_login_static/oec-ttweb-captcha/loader/sg/1.0.0.71/captcha/index.js:3009
[   10837ms] [LOG] builtIn.enableExtraSnsSubscribeConfirm {showAddProductButtonWithDropDown: false, showMediaCenterEntry: true, showBundleEntrance: false, showBulkOptimizationInBatchGroup: false, showMaterialCentreEntryInBatchGroup: false} @ https://lf-gs-frontend-cn.fanchenstatic.com/obj/she-op-static/i18n/ecom/next/product_manage_page/js/SubscribeDrawer.hl2lelns.js:15
[   11025ms] [LOG] %cDynokit:@seller/product-sales-inheritance padding: 2px; border-radius: 2px; color: rgb(255, 255, 255); background-color: rgb(0, 158, 61); create widget instance success. @ https://lf-gs-frontend-cn.fanchenstatic.com/obj/she-op-static/gec/atlas/sc-gs/js/vendor.n0fkrlca.js:121
[   11025ms] [LOG] %cDynokit:@seller/product-sales-inheritance padding: 2px; border-radius: 2px; color: rgb(255, 255, 255); background-color: rgb(54, 154, 254); Mount widget JSHandle@node {visible: false, setVisible: , modalContext: manage} @ https://lf-gs-frontend-cn.fanchenstatic.com/obj/she-op-static/gec/atlas/sc-gs/js/vendor.n0fkrlca.js:121
[   11026ms] [LOG] %cDynokit:@seller/product-sales-inheritance padding: 2px; border-radius: 2px; color: rgb(255, 255, 255); background-color: rgb(54, 154, 254); Resolve result {name: @seller/product-sales-inheritance, version: 1.0.0.4951, starling: Object, cdn: oec_magellan, dependencies: Array(1)} @ https://lf-gs-frontend-cn.fanchenstatic.com/obj/she-op-static/gec/atlas/sc-gs/js/vendor.n0fkrlca.js:121
[   11026ms] [LOG] %cDynokit:@seller/product-sales-inheritance padding: 2px; border-radius: 2px; color: rgb(255, 255, 255); background-color: rgb(54, 154, 254); Apply middleware [global_data_middleware, event_middleware, i18n_middleware] @ https://lf-gs-frontend-cn.fanchenstatic.com/obj/she-op-static/gec/atlas/sc-gs/js/vendor.n0fkrlca.js:121
[   11026ms] [LOG] %cDynokit:@seller/product-sales-inheritance padding: 2px; border-radius: 2px; color: rgb(255, 255, 255); background-color: rgb(54, 154, 254); Widget load cost: 1794.5999999642372ms @ https://lf-gs-frontend-cn.fanchenstatic.com/obj/she-op-static/gec/atlas/sc-gs/js/vendor.n0fkrlca.js:121
[   11026ms] [LOG] %cDynokit:@seller/product-sales-inheritance padding: 2px; border-radius: 2px; color: rgb(255, 255, 255); background-color: rgb(0, 158, 61); Mount widget from remote JSHandle@node {visible: false, setVisible: , modalContext: manage} @ https://lf-gs-frontend-cn.fanchenstatic.com/obj/she-op-static/gec/atlas/sc-gs/js/vendor.n0fkrlca.js:121
[   11501ms] [LOG] builtIn.enableExtraSnsSubscribeConfirm {showAddProductButtonWithDropDown: false, showMediaCenterEntry: true, showBundleEntrance: false, showBulkOptimizationInBatchGroup: false, showMaterialCentreEntryInBatchGroup: false} @ https://lf-gs-frontend-cn.fanchenstatic.com/obj/she-op-static/i18n/ecom/next/product_manage_page/js/SubscribeDrawer.hl2lelns.js:15
[   11653ms] [LOG] [SR] Session Replay Renders @ https://lf-gs-frontend-cn.fanchenstatic.com/obj/she-op-static/atlas-esm/_i18n-ecom/session-replay/0.4.8/b0a4cd02/index.js:28152
[   11653ms] [LOG] [SR] Props {sessionReplayUserResearchConfigFromBackend: Object, mode: Array(1), sessionReplayUserCountry: sg, btm: nI, teaCollectEvent: } @ https://lf-gs-frontend-cn.fanchenstatic.com/obj/she-op-static/atlas-esm/_i18n-ecom/session-replay/0.4.8/b0a4cd02/index.js:28152
[   11653ms] [INFO] [BTM Session Replay Logger] activeRecordingConfig is {countdownDuration: 3, maxRecordingDuration: 180, locale: zh-CN, region: sg, showRecordingBorder: true} @ https://lf-gs-frontend-cn.fanchenstatic.com/obj/she-op-static/atlas-esm/_i18n-ecom/session-replay/0.4.8/b0a4cd02/index.js:28152
[   11661ms] [LOG] [SR] Experiments Inside Recorder [] AUTHORISED_TO_RECORD @ https://lf-gs-frontend-cn.fanchenstatic.com/obj/she-op-static/atlas-esm/_i18n-ecom/session-replay/0.4.8/b0a4cd02/index.js:27983
[   11802ms] [LOG] %cDynokit:Core:v0.0.64 padding: 2px; border-radius: 2px; color: rgb(255, 255, 255); background-color: rgb(0, 158, 61); Create widget @gs-pop/island-container {resolver: osc, uk: undefined} @ https://lf-gs-frontend-cn.fanchenstatic.com/obj/she-op-static/gec/atlas/sc-gs/js/vendor.n0fkrlca.js:121
[   11802ms] [LOG] %cDynokit:Core:v0.0.64 padding: 2px; border-radius: 2px; color: rgb(255, 255, 255); background-color: rgb(0, 158, 61); Create widget @seller/ai-assistant {resolver: osc, uk: undefined} @ https://lf-gs-frontend-cn.fanchenstatic.com/obj/she-op-static/gec/atlas/sc-gs/js/vendor.n0fkrlca.js:121
[   11802ms] [LOG] %cDynokit:Core:v0.0.64 padding: 2px; border-radius: 2px; color: rgb(255, 255, 255); background-color: rgb(0, 158, 61); Create widget @seller/navbar-entry-help {resolver: osc, uk: undefined} @ https://lf-gs-frontend-cn.fanchenstatic.com/obj/she-op-static/gec/atlas/sc-gs/js/vendor.n0fkrlca.js:121
[   11802ms] [LOG] %cDynokit:Core:v0.0.64 padding: 2px; border-radius: 2px; color: rgb(255, 255, 255); background-color: rgb(0, 158, 61); Create widget @message/notice-v1 {resolver: osc, uk: undefined} @ https://lf-gs-frontend-cn.fanchenstatic.com/obj/she-op-static/gec/atlas/sc-gs/js/vendor.n0fkrlca.js:121
[   11803ms] [LOG] %cDynokit:Resolver padding: 2px; border-radius: 2px; color: rgb(255, 255, 255); background-color: rgb(0, 158, 61); Resolve widget name @gs-pop/island-container from remote @ https://lf-gs-frontend-cn.fanchenstatic.com/obj/she-op-static/gec/atlas/sc-gs/js/vendor.n0fkrlca.js:121
[   11803ms] [LOG] %cDynokit:Resolver padding: 2px; border-radius: 2px; color: rgb(255, 255, 255); background-color: rgb(0, 158, 61); Resolve widget name @seller/ai-assistant from remote @ https://lf-gs-frontend-cn.fanchenstatic.com/obj/she-op-static/gec/atlas/sc-gs/js/vendor.n0fkrlca.js:121
[   11803ms] [LOG] %cDynokit:Resolver padding: 2px; border-radius: 2px; color: rgb(255, 255, 255); background-color: rgb(0, 158, 61); Resolve widget name @seller/navbar-entry-help from remote @ https://lf-gs-frontend-cn.fanchenstatic.com/obj/she-op-static/gec/atlas/sc-gs/js/vendor.n0fkrlca.js:121
[   11803ms] [LOG] %cDynokit:Resolver padding: 2px; border-radius: 2px; color: rgb(255, 255, 255); background-color: rgb(0, 158, 61); Resolve widget name @message/notice-v1 from remote @ https://lf-gs-frontend-cn.fanchenstatic.com/obj/she-op-static/gec/atlas/sc-gs/js/vendor.n0fkrlca.js:121
[   11803ms] [LOG] %cDynokit:MF padding: 2px; border-radius: 2px; color: rgb(255, 255, 255); background-color: rgb(54, 154, 254); Start load widget @ https://lf-gs-frontend-cn.fanchenstatic.com/obj/she-op-static/gec/atlas/sc-gs/js/vendor.n0fkrlca.js:121
[   11803ms] [LOG] %cDynokit:MF padding: 2px; border-radius: 2px; color: rgb(255, 255, 255); background-color: rgb(54, 154, 254); Start load widget @ https://lf-gs-frontend-cn.fanchenstatic.com/obj/she-op-static/gec/atlas/sc-gs/js/vendor.n0fkrlca.js:121
[   11803ms] [LOG] %cDynokit:MF padding: 2px; border-radius: 2px; color: rgb(255, 255, 255); background-color: rgb(54, 154, 254); Start load widget @ https://lf-gs-frontend-cn.fanchenstatic.com/obj/she-op-static/gec/atlas/sc-gs/js/vendor.n0fkrlca.js:121
[   11803ms] [LOG] %cDynokit:MF padding: 2px; border-radius: 2px; color: rgb(255, 255, 255); background-color: rgb(54, 154, 254); Start load widget @ https://lf-gs-frontend-cn.fanchenstatic.com/obj/she-op-static/gec/atlas/sc-gs/js/vendor.n0fkrlca.js:121
[   11835ms] [LOG] %c color: @ https://lf-gs-frontend-cn.fanchenstatic.com/obj/she-op-static/gs/pop/widgets/1.0.0.5677/island-container/static/js/_gs_pop_island_container_1_0_0_5677.1c116e0b.js:3150
[   12059ms] [INFO] feelgood version: 0.5.4 @ https://lf-gs-frontend-cn.fanchenstatic.com/obj/she-op-static/apps/message-bell/1.0.0.364/static/js/async/vendor.bc69172c.js:1
[   12221ms] [LOG] %c color: @ https://lf-gs-frontend-cn.fanchenstatic.com/obj/she-op-static/oec/workbench/widgets/2.0.1.8889/seller-help/static/js/_seller_navbar_entry_help_2_0_1_8889.js:5
[   12266ms] [WARNING] The user store has already been initialized. @ https://lf-gs-frontend-cn.fanchenstatic.com/obj/she-op-static/oec/workbench/widgets/2.0.1.8889/seller-help/static/js/_seller_navbar_entry_help_2_0_1_8889.js:5
[   12294ms] [ERROR] The Content Security Policy directive 'upgrade-insecure-requests' is ignored when delivered in a report-only policy. @ https://www.tiktok.com/ucenter_web/zti_web:0
[   12300ms] [LOG] iframe started @ https://sf16-website.neutral.ttwstatic.com/obj/tiktok_web_static/tiktok/account/zti/html/main/index.cb59b700c7ab1b72eb2f.js:0
[   12302ms] [INFO] Creating a worker from 'https://www.tiktok.com/sw.js' violates the following Content Security Policy directive: "script-src 'report-sample' 'inline-speculation-rules' 'wasm-unsafe-eval' accounts.google.com apis.google.com c.paypal.com cdn.ampproject.org cdnjs.cloudflare.com client-api.arkoselabs.com code.jquery.com connect.facebook.net developers.kakao.com googleads.g.doubleclick.net interactives.ap.org js-cdn.music.apple.com/musickit/v3/musickit.js js.hcaptcha.com js.hsforms.net lf16-cdn-tos.tiktokcdn-us.com/obj/static-tx/bric-captcha/core-captcha/ pay.google.com recaptcha.google.com s20.tiktokcdn.com s3.amazonaws.com sf16-website-login.neutral.tiktokcdn-eu.com/obj/tiktok_web_login_static_eu/pns/tiktok-cookie-banner/ sf16-website-login.neutral.ttwstatic.com sf16-website.neutral.ttwstatic.com sf16m-website-login.neutral.ttwstatic.com ssl.bing.com static.captchami.com tiktok.captchami.com tx41v.arkoselabs.com unpkg.com vimeo.com www.google.com www.googleadservices.com www.googleapis.com www.googletagmanager.com www.gstatic.com www.vimeo.com sf-website-login-bak.tiktokcdn.com". Note that 'worker-src' was not explicitly set, so 'script-src' is used as a fallback. The policy is report-only, so the violation has been logged but no further action has been taken. @ https://sf16-website-login.neutral.ttwstatic.com/obj/tiktok_web_login_static/tiktok_privacy_protection_framework/loader/1.0.0.951/core.js?globalName=__PNS_RUNTIME__:2
[   12863ms] [LOG] [performance] reportFirstCustomPerformance business_core_api_end 5053 @ https://lf-gs-frontend-cn.fanchenstatic.com/obj/she-op-static/i18n/ecom/next/product_manage_page/js/useCachelessCategoryTranslation.eqza6d1s.js:0
[   12872ms] [LOG] [debug] get table data success [Object, Object, Object, Object, Object, Object, Object, Object, Object, Object, Object, Object, Object, Object, Object, Object, Object, Object, Object, Object, Object, Object, Object, Object, Object, Object, Object, Object, Object, Object, Object, Object, Object, Object, Object, Object, Object, Object, Object, Object, Object, Object, Object, Object, Object, Object, Object, Object, Object, Object] @ https://lf-gs-frontend-cn.fanchenstatic.com/obj/she-op-static/i18n/ecom/next/product_manage_page/entry/product-manage.l93muwoe.js:185
[   12907ms] [WARNING] customFetch is not available, returning empty response @ https://lf-gs-frontend-cn.fanchenstatic.com/obj/she-op-static/oec/workbench/widgets/2.0.1.9834/ai-assistant/static/js/async/890.35c23147.js:0
[   12910ms] [WARNING] customFetch is not available, returning empty response @ https://lf-gs-frontend-cn.fanchenstatic.com/obj/she-op-static/oec/workbench/widgets/2.0.1.9834/ai-assistant/static/js/async/890.35c23147.js:0
[   12913ms] [WARNING] customFetch is not available, returning empty response @ https://lf-gs-frontend-cn.fanchenstatic.com/obj/she-op-static/oec/workbench/widgets/2.0.1.9834/ai-assistant/static/js/async/890.35c23147.js:0
[   12913ms] [WARNING] customFetch is not available, returning empty response @ https://lf-gs-frontend-cn.fanchenstatic.com/obj/she-op-static/oec/workbench/widgets/2.0.1.9834/ai-assistant/static/js/async/890.35c23147.js:0
[   12915ms] [WARNING] customFetch is not available, returning empty response @ https://lf-gs-frontend-cn.fanchenstatic.com/obj/she-op-static/oec/workbench/widgets/2.0.1.9834/ai-assistant/static/js/async/890.35c23147.js:0
[   12916ms] [WARNING] customFetch is not available, returning empty response @ https://lf-gs-frontend-cn.fanchenstatic.com/obj/she-op-static/oec/workbench/widgets/2.0.1.9834/ai-assistant/static/js/async/890.35c23147.js:0
[   12918ms] [WARNING] customFetch is not available, returning empty response @ https://lf-gs-frontend-cn.fanchenstatic.com/obj/she-op-static/oec/workbench/widgets/2.0.1.9834/ai-assistant/static/js/async/890.35c23147.js:0
[   12919ms] [WARNING] customFetch is not available, returning empty response @ https://lf-gs-frontend-cn.fanchenstatic.com/obj/she-op-static/oec/workbench/widgets/2.0.1.9834/ai-assistant/static/js/async/890.35c23147.js:0
[   12936ms] [LOG] [@oec-agentic-ui/bridge] registerComponent into queue assistant.ai-assistant @ https://lf-gs-frontend-cn.fanchenstatic.com/obj/she-op-static/oec/workbench/widgets/2.0.1.9834/ai-assistant/static/js/async/vendor.020b252e.js:1
[   12965ms] [LOG] [SR] Experiments Inside Recorder [] AUTHORISED_TO_RECORD @ https://lf-gs-frontend-cn.fanchenstatic.com/obj/she-op-static/atlas-esm/_i18n-ecom/session-replay/0.4.8/b0a4cd02/index.js:27983
[   12966ms] [LOG] [SR] Experiments Inside Recorder [Object] AUTHORISED_TO_RECORD @ https://lf-gs-frontend-cn.fanchenstatic.com/obj/she-op-static/atlas-esm/_i18n-ecom/session-replay/0.4.8/b0a4cd02/index.js:27983
[   13233ms] [LOG] builtIn.enableExtraSnsSubscribeConfirm {showAddProductButtonWithDropDown: false, showMediaCenterEntry: true, showBundleEntrance: false, showBulkOptimizationInBatchGroup: false, showMaterialCentreEntryInBatchGroup: false} @ https://lf-gs-frontend-cn.fanchenstatic.com/obj/she-op-static/i18n/ecom/next/product_manage_page/js/SubscribeDrawer.hl2lelns.js:15
[   13473ms] [LOG] [performance] reportFirstCustomPerformance business_core_render 5662 @ https://lf-gs-frontend-cn.fanchenstatic.com/obj/she-op-static/i18n/ecom/next/product_manage_page/js/useCachelessCategoryTranslation.eqza6d1s.js:0
[   13505ms] [LOG] Tea AB config fetched: {OpenSku300: Object, ShouldUseSellerSegmentationV2: Object, Variant_Action: Object, ab_keys_to_report: Object, account_prefetch_v2: Object} @ https://lf16-scmcdn.oecstatic.com/obj/oec-magellan-sg/i18n/ecom/merchandise_sea/1.0.0.4951/@seller/product-sales-inheritance/static/js/async/168.a3525e97.js:0
[   13514ms] [LOG] [SR] Experiments Inside Recorder [Object] STARTING_RECORDING @ https://lf-gs-frontend-cn.fanchenstatic.com/obj/she-op-static/atlas-esm/_i18n-ecom/session-replay/0.4.8/b0a4cd02/index.js:27983
[   13659ms] [LOG] builtIn.enableExtraSnsSubscribeConfirm {showAddProductButtonWithDropDown: false, showMediaCenterEntry: true, showBundleEntrance: false, showBulkOptimizationInBatchGroup: false, showMaterialCentreEntryInBatchGroup: false} @ https://lf-gs-frontend-cn.fanchenstatic.com/obj/she-op-static/i18n/ecom/next/product_manage_page/js/SubscribeDrawer.hl2lelns.js:15
[   13669ms] [LOG] %cDynokit:Core:v0.0.64 padding: 2px; border-radius: 2px; color: rgb(255, 255, 255); background-color: rgb(0, 158, 61); Create widget @oec-seller/opportunity-recruit-new {resolver: osc, uk: undefined} @ https://lf-gs-frontend-cn.fanchenstatic.com/obj/she-op-static/gec/atlas/sc-gs/js/vendor.n0fkrlca.js:121
[   13727ms] [LOG] sales-inheritance {statusMap: Object, winnerId: null} @ https://lf16-scmcdn.oecstatic.com/obj/oec-magellan-sg/i18n/ecom/merchandise_sea/1.0.0.4951/@seller/product-sales-inheritance/static/js/async/168.a3525e97.js:329
[   13732ms] [LOG] %cDynokit:Resolver padding: 2px; border-radius: 2px; color: rgb(255, 255, 255); background-color: rgb(0, 158, 61); Resolve widget name @oec-seller/opportunity-recruit-new from remote @ https://lf-gs-frontend-cn.fanchenstatic.com/obj/she-op-static/gec/atlas/sc-gs/js/vendor.n0fkrlca.js:121
[   13732ms] [LOG] %cDynokit:MF padding: 2px; border-radius: 2px; color: rgb(255, 255, 255); background-color: rgb(54, 154, 254); Start load widget @ https://lf-gs-frontend-cn.fanchenstatic.com/obj/she-op-static/gec/atlas/sc-gs/js/vendor.n0fkrlca.js:121
[   14029ms] [LOG] [dynamicRemotesFromSnapshot]: Module @omni-project/provider not found @ https://sf16-website-login.neutral.ttwstatic.com/obj/tiktok_web_login_static/omni_channel_provider/dist/vmok-remote-entry.5096408a.js:1
[   14029ms] [WARNING] [Region] <script id="__REGION__DATA__INJECTED__"> not found @ https://sf16-website-login.neutral.ttwstatic.com/obj/tiktok_web_login_static/omni_channel_provider/dist/vmok-remote-entry.5096408a.js:1
[   14031ms] [LOG] [dynamicRemotesFromSnapshot]: Module @omni-project/provider not found @ https://sf16-website-login.neutral.ttwstatic.com/obj/tiktok_web_login_static/omni_channel_provider/dist/vmok-remote-entry.5096408a.js:1
[   14031ms] [WARNING] [Region] <script id="__REGION__DATA__INJECTED__"> not found @ https://sf16-website-login.neutral.ttwstatic.com/obj/tiktok_web_login_static/omni_channel_provider/dist/vmok-remote-entry.5096408a.js:1
[   14032ms] [WARNING] [Region] <script id="__REGION__DATA__INJECTED__"> not found @ https://sf16-website-login.neutral.ttwstatic.com/obj/tiktok_web_login_static/omni_channel_provider/dist/vmok-remote-entry.5096408a.js:1
[   14097ms] [WARNING] [Spark JSB v2.0.1] You have already imported other bridge SDK: Bytedance JSB SDK, which may cause some of the capabilities of current SDK to be disabled. @ :2
[   14305ms] [LOG] %cDynokit:Core:v0.0.64 padding: 2px; border-radius: 2px; color: rgb(255, 255, 255); background-color: rgb(0, 158, 61); Create widget @message/message-popup {resolver: scene_Atlas} @ https://lf-gs-frontend-cn.fanchenstatic.com/obj/she-op-static/gec/atlas/sc-gs/js/vendor.n0fkrlca.js:121
[   14709ms] [INFO] %cDownload the React DevTools for a better development experience: https://reactjs.org/link/react-devtools font-weight:bold @ https://sf16-website-login.neutral.ttwstatic.com/obj/tiktok_web_login_static/omni_channel_provider/dist/static/js/async/7596.7fe41c5c.js:0
[   14726ms] [WARNING] [Bridge] This version has Break Change, please pay attention to compatibility, more details: https://zjsms.com/JXKorkC/ @ https://sf16-website-login.neutral.ttwstatic.com/obj/tiktok_web_login_static/omni_channel_provider/dist/static/js/async/7596.7fe41c5c.js:0
[   14726ms] [WARNING] Cannot assign to read only property 'call' of object '#<Object>' @ https://sf16-website-login.neutral.ttwstatic.com/obj/tiktok_web_login_static/omni_channel_provider/dist/static/js/async/7596.7fe41c5c.js:0
[   14802ms] [WARNING] [Bridge] This version has Break Change, please pay attention to compatibility, more details: https://zjsms.com/JXKorkC/ @ https://sf16-website-login.neutral.ttwstatic.com/obj/tiktok_web_login_static/omni_channel_provider/dist/static/js/async/6850.51719b16.js:0
[   14803ms] [WARNING] Cannot assign to read only property 'call' of object '#<Object>' @ https://sf16-website-login.neutral.ttwstatic.com/obj/tiktok_web_login_static/omni_channel_provider/dist/static/js/async/6850.51719b16.js:0
[   14998ms] [ERROR] Failed to launch 'bytedance://dispatch_message/' because the scheme does not have a registered handler. @ https://seller.tiktokshopglobalselling.com/product/manage?shop_region=PH:0
[   14998ms] [ERROR] Not allowed to launch 'bytedance://dispatch_message/' because a user gesture is required. @ https://seller.tiktokshopglobalselling.com/product/manage?shop_region=PH:0
[   15119ms] [LOG] %cDynokit:Resolver padding: 2px; border-radius: 2px; color: rgb(255, 255, 255); background-color: rgb(0, 158, 61); Resolve widget name @message/message-popup from remote @ https://lf-gs-frontend-cn.fanchenstatic.com/obj/she-op-static/gec/atlas/sc-gs/js/vendor.n0fkrlca.js:121
[   15119ms] [LOG] %cDynokit:MF padding: 2px; border-radius: 2px; color: rgb(255, 255, 255); background-color: rgb(54, 154, 254); Start load widget @ https://lf-gs-frontend-cn.fanchenstatic.com/obj/she-op-static/gec/atlas/sc-gs/js/vendor.n0fkrlca.js:121
[   15123ms] [WARNING] Element does not define the `getRootDOMNode` method causing a call to React.findDOMNode. but findDOMNode is deprecated in StrictMode. Please check the code logic {element: undefined, instance: c} @ https://lf-gs-frontend-cn.fanchenstatic.com/obj/she-op-static/apps/message-bell/1.0.0.364/static/js/async/m4b.f12ad9dd.js:0
[   15125ms] [LOG] %cDynokit:Core:v0.0.64 padding: 2px; border-radius: 2px; color: rgb(255, 255, 255); background-color: rgb(0, 158, 61); Create widget @seller/unified-banner {uk: globalBanner, resolver: scene_Atlas} @ https://lf-gs-frontend-cn.fanchenstatic.com/obj/she-op-static/gec/atlas/sc-gs/js/vendor.n0fkrlca.js:121
[   15125ms] [LOG] %cDynokit:Core:v0.0.64 padding: 2px; border-radius: 2px; color: rgb(255, 255, 255); background-color: rgb(0, 158, 61); Create widget @seller/unified-banner {uk: secondaryPage, resolver: scene_Atlas} @ https://lf-gs-frontend-cn.fanchenstatic.com/obj/she-op-static/gec/atlas/sc-gs/js/vendor.n0fkrlca.js:121
[   15125ms] [LOG] %cDynokit:Resolver padding: 2px; border-radius: 2px; color: rgb(255, 255, 255); background-color: rgb(0, 158, 61); Resolve widget name @seller/unified-banner from remote @ https://lf-gs-frontend-cn.fanchenstatic.com/obj/she-op-static/gec/atlas/sc-gs/js/vendor.n0fkrlca.js:121
[   15125ms] [LOG] %cDynokit:Resolver padding: 2px; border-radius: 2px; color: rgb(255, 255, 255); background-color: rgb(0, 158, 61); Resolve widget name @seller/unified-banner from remote @ https://lf-gs-frontend-cn.fanchenstatic.com/obj/she-op-static/gec/atlas/sc-gs/js/vendor.n0fkrlca.js:121
[   15125ms] [LOG] %cDynokit:MF padding: 2px; border-radius: 2px; color: rgb(255, 255, 255); background-color: rgb(54, 154, 254); Start load widget @ https://lf-gs-frontend-cn.fanchenstatic.com/obj/she-op-static/gec/atlas/sc-gs/js/vendor.n0fkrlca.js:121
[   15126ms] [LOG] %cDynokit:MF padding: 2px; border-radius: 2px; color: rgb(255, 255, 255); background-color: rgb(54, 154, 254); Start load widget @ https://lf-gs-frontend-cn.fanchenstatic.com/obj/she-op-static/gec/atlas/sc-gs/js/vendor.n0fkrlca.js:121
[   15126ms] [WARNING] [ Federation Runtime ]: The remote "@seller/unified-banner#2.0.1.6849" is already registered. If you want to merge the remote, you can set "force: true". @ https://lf-gs-frontend-cn.fanchenstatic.com/obj/she-op-static/gec/atlas/sc-gs/js/vendor.n0fkrlca.js:66
[   15191ms] [LOG] %cDynokit:Core:v0.0.59 padding: 2px; border-radius: 2px; color: rgb(255, 255, 255); background-color: rgb(54, 154, 254); Register Plugin, name: i18n_middleware, type: middleware @ https://lf-gs-frontend-cn.fanchenstatic.com/obj/she-op-static/gs/pop/island_components/static/js/544_script.746aa48c.js:1
[   15191ms] [LOG] %cDynokit:Middleware padding: 2px; border-radius: 2px; color: rgb(255, 255, 255); background-color: rgb(0, 158, 61); Register middleware i18n_middleware success @ https://lf-gs-frontend-cn.fanchenstatic.com/obj/she-op-static/gs/pop/island_components/static/js/544_script.746aa48c.js:1
[   15191ms] [LOG] %cDynokit:Core:v0.0.59 padding: 2px; border-radius: 2px; color: rgb(255, 255, 255); background-color: rgb(54, 154, 254); Register Plugin, name: event_middleware, type: middleware @ https://lf-gs-frontend-cn.fanchenstatic.com/obj/she-op-static/gs/pop/island_components/static/js/544_script.746aa48c.js:1
[   15191ms] [LOG] %cDynokit:Middleware padding: 2px; border-radius: 2px; color: rgb(255, 255, 255); background-color: rgb(0, 158, 61); Register middleware event_middleware success @ https://lf-gs-frontend-cn.fanchenstatic.com/obj/she-op-static/gs/pop/island_components/static/js/544_script.746aa48c.js:1
[   15191ms] [LOG] %cDynokit:Core:v0.0.59 padding: 2px; border-radius: 2px; color: rgb(255, 255, 255); background-color: rgb(54, 154, 254); Register Plugin, name: global_data_middleware, type: middleware @ https://lf-gs-frontend-cn.fanchenstatic.com/obj/she-op-static/gs/pop/island_components/static/js/544_script.746aa48c.js:1
[   15191ms] [LOG] %cDynokit:Middleware padding: 2px; border-radius: 2px; color: rgb(255, 255, 255); background-color: rgb(0, 158, 61); Register middleware global_data_middleware success @ https://lf-gs-frontend-cn.fanchenstatic.com/obj/she-op-static/gs/pop/island_components/static/js/544_script.746aa48c.js:1
[   15191ms] [LOG] %cDynokit:Core:v0.0.59 padding: 2px; border-radius: 2px; color: rgb(255, 255, 255); background-color: rgb(54, 154, 254); Register Plugin, name: default_outer_common, type: cdn_path @ https://lf-gs-frontend-cn.fanchenstatic.com/obj/she-op-static/gs/pop/island_components/static/js/544_script.746aa48c.js:1
[   15191ms] [LOG] %cDynokit:CDN padding: 2px; border-radius: 2px; color: rgb(255, 255, 255); background-color: rgb(0, 158, 61); Register CDN path plugin default_outer_common success @ https://lf-gs-frontend-cn.fanchenstatic.com/obj/she-op-static/gs/pop/island_components/static/js/544_script.746aa48c.js:1
[   15192ms] [LOG] %cDynokit:Core:v0.0.59 padding: 2px; border-radius: 2px; color: rgb(255, 255, 255); background-color: rgb(54, 154, 254); Register Plugin, name: scm_env, type: cdn_path @ https://lf-gs-frontend-cn.fanchenstatic.com/obj/she-op-static/gs/pop/island_components/static/js/544_script.746aa48c.js:1
[   15192ms] [LOG] %cDynokit:CDN padding: 2px; border-radius: 2px; color: rgb(255, 255, 255); background-color: rgb(0, 158, 61); Register CDN path plugin scm_env success @ https://lf-gs-frontend-cn.fanchenstatic.com/obj/she-op-static/gs/pop/island_components/static/js/544_script.746aa48c.js:1
[   15192ms] [LOG] %cDynokit:Core:v0.0.59 padding: 2px; border-radius: 2px; color: rgb(255, 255, 255); background-color: rgb(54, 154, 254); Register Plugin, name: oec_magellan, type: cdn_path @ https://lf-gs-frontend-cn.fanchenstatic.com/obj/she-op-static/gs/pop/island_components/static/js/544_script.746aa48c.js:1
[   15192ms] [LOG] %cDynokit:CDN padding: 2px; border-radius: 2px; color: rgb(255, 255, 255); background-color: rgb(0, 158, 61); Register CDN path plugin oec_magellan success @ https://lf-gs-frontend-cn.fanchenstatic.com/obj/she-op-static/gs/pop/island_components/static/js/544_script.746aa48c.js:1
[   15192ms] [LOG] %cDynokit:Core:v0.0.59 padding: 2px; border-radius: 2px; color: rgb(255, 255, 255); background-color: rgb(54, 154, 254); Register Plugin, name: osc, type: resolver @ https://lf-gs-frontend-cn.fanchenstatic.com/obj/she-op-static/gs/pop/island_components/static/js/544_script.746aa48c.js:1
[   15192ms] [LOG] %cDynokit:Resolver padding: 2px; border-radius: 2px; color: rgb(255, 255, 255); background-color: rgb(0, 158, 61); Register resolve osc success @ https://lf-gs-frontend-cn.fanchenstatic.com/obj/she-op-static/gs/pop/island_components/static/js/544_script.746aa48c.js:1
[   15192ms] [LOG] %cDynokit:Core:v0.0.59 padding: 2px; border-radius: 2px; color: rgb(255, 255, 255); background-color: rgb(54, 154, 254); Register Plugin, name: local, type: resolver @ https://lf-gs-frontend-cn.fanchenstatic.com/obj/she-op-static/gs/pop/island_components/static/js/544_script.746aa48c.js:1
[   15192ms] [LOG] %cDynokit:Resolver padding: 2px; border-radius: 2px; color: rgb(255, 255, 255); background-color: rgb(0, 158, 61); Register resolve local success @ https://lf-gs-frontend-cn.fanchenstatic.com/obj/she-op-static/gs/pop/island_components/static/js/544_script.746aa48c.js:1
[   15192ms] [LOG] %cDynokit:Core:v0.0.59 padding: 2px; border-radius: 2px; color: rgb(255, 255, 255); background-color: rgb(0, 158, 61); Create Core Instance Success. @ https://lf-gs-frontend-cn.fanchenstatic.com/obj/she-op-static/gs/pop/island_components/static/js/544_script.746aa48c.js:1
[   15193ms] [LOG] %cDynokit:Core:v0.0.59 padding: 2px; border-radius: 2px; color: rgb(255, 255, 255); background-color: rgb(0, 158, 61); Create widget @oec-seller/strategy-dynokit undefined @ https://lf-gs-frontend-cn.fanchenstatic.com/obj/she-op-static/gs/pop/island_components/static/js/544_script.746aa48c.js:1
[   15248ms] [WARNING] GSAP target null not found. https://gsap.com @ https://lf-gs-frontend-cn.fanchenstatic.com/obj/she-op-static/gs/pop/widgets/1.0.0.5677/island-container/static/js/vendor.a196ff9c.js:54
[   15248ms] [WARNING] GSAP target null not found. https://gsap.com @ https://lf-gs-frontend-cn.fanchenstatic.com/obj/she-op-static/gs/pop/widgets/1.0.0.5677/island-container/static/js/vendor.a196ff9c.js:54
[   15248ms] [WARNING] GSAP target null not found. https://gsap.com @ https://lf-gs-frontend-cn.fanchenstatic.com/obj/she-op-static/gs/pop/widgets/1.0.0.5677/island-container/static/js/vendor.a196ff9c.js:54
[   15248ms] [WARNING] GSAP target null not found. https://gsap.com @ https://lf-gs-frontend-cn.fanchenstatic.com/obj/she-op-static/gs/pop/widgets/1.0.0.5677/island-container/static/js/vendor.a196ff9c.js:54
[   15306ms] [INFO] Creating a worker from 'https://www.tiktok.com/sw.js' violates the following Content Security Policy directive: "script-src 'report-sample' 'inline-speculation-rules' 'wasm-unsafe-eval' accounts.google.com apis.google.com c.paypal.com cdn.ampproject.org cdnjs.cloudflare.com client-api.arkoselabs.com code.jquery.com connect.facebook.net developers.kakao.com googleads.g.doubleclick.net interactives.ap.org js-cdn.music.apple.com/musickit/v3/musickit.js js.hcaptcha.com js.hsforms.net lf16-cdn-tos.tiktokcdn-us.com/obj/static-tx/bric-captcha/core-captcha/ pay.google.com recaptcha.google.com s20.tiktokcdn.com s3.amazonaws.com sf16-website-login.neutral.tiktokcdn-eu.com/obj/tiktok_web_login_static_eu/pns/tiktok-cookie-banner/ sf16-website-login.neutral.ttwstatic.com sf16-website.neutral.ttwstatic.com sf16m-website-login.neutral.ttwstatic.com ssl.bing.com static.captchami.com tiktok.captchami.com tx41v.arkoselabs.com unpkg.com vimeo.com www.google.com www.googleadservices.com www.googleapis.com www.googletagmanager.com www.gstatic.com www.vimeo.com sf-website-login-bak.tiktokcdn.com". Note that 'worker-src' was not explicitly set, so 'script-src' is used as a fallback. The policy is report-only, so the violation has been logged but no further action has been taken. @ https://sf16-website-login.neutral.ttwstatic.com/obj/tiktok_web_login_static/tiktok_privacy_protection_framework/loader/1.0.0.951/index.js:3
[   15341ms] [INFO] feelgood version: 0.5.8 @ https://lf-gs-frontend-cn.fanchenstatic.com/obj/she-op-static/gec/atlas/sc-gs/js/vendor.n0fkrlca.js:280
[   15507ms] [LOG] %cDynokit:Core:v0.0.64 padding: 2px; border-radius: 2px; color: rgb(255, 255, 255); background-color: rgb(0, 158, 61); Create widget @gs-pop/contact-am-qw {resolver: osc, uk: 69456} @ https://lf-gs-frontend-cn.fanchenstatic.com/obj/she-op-static/gec/atlas/sc-gs/js/vendor.n0fkrlca.js:121
[   15737ms] [LOG] %cDynokit:Resolver padding: 2px; border-radius: 2px; color: rgb(255, 255, 255); background-color: rgb(0, 158, 61); Resolve widget name @oec-seller/strategy-dynokit from remote @ https://lf-gs-frontend-cn.fanchenstatic.com/obj/she-op-static/gs/pop/island_components/static/js/544_script.746aa48c.js:1
[   15739ms] [LOG] %cDynokit:MF padding: 2px; border-radius: 2px; color: rgb(255, 255, 255); background-color: rgb(54, 154, 254); Start load widget @ https://lf-gs-frontend-cn.fanchenstatic.com/obj/she-op-static/gs/pop/island_components/static/js/544_script.746aa48c.js:1
[   15743ms] [LOG] %cDynokit:Resolver padding: 2px; border-radius: 2px; color: rgb(255, 255, 255); background-color: rgb(0, 158, 61); Resolve widget name @gs-pop/contact-am-qw from remote @ https://lf-gs-frontend-cn.fanchenstatic.com/obj/she-op-static/gec/atlas/sc-gs/js/vendor.n0fkrlca.js:121
[   15743ms] [LOG] %cDynokit:MF padding: 2px; border-radius: 2px; color: rgb(255, 255, 255); background-color: rgb(54, 154, 254); Start load widget @ https://lf-gs-frontend-cn.fanchenstatic.com/obj/she-op-static/gec/atlas/sc-gs/js/vendor.n0fkrlca.js:121
[   15804ms] [LOG] %c color: @ https://lf16-scmcdn.oecstatic.com/obj/oec-magellan-sg/gs/pop/widgets/1.0.0.5758/contact-am-qw/static/js/_gs_pop_contact_am_qw.7a9acf08.js:5
[   15810ms] [LOG] %c[ Federation Runtime ] Warn font-weight: bold;color: orange; Version 16.14.0 from _gs_pop_contact_am_qw of shared singleton module react does not satisfy the requirement of _gs_pop_contact_am_qw which needs 16.14.0||17.0.2) @ https://lf16-scmcdn.oecstatic.com/obj/oec-magellan-sg/gs/pop/widgets/1.0.0.5758/contact-am-qw/static/js/_gs_pop_contact_am_qw.7a9acf08.js:5
[   15810ms] [LOG] %c[ Federation Runtime ] Warn font-weight: bold;color: orange; Version 16.14.0 from _gs_pop_contact_am_qw of shared singleton module react does not satisfy the requirement of _gs_pop_contact_am_qw which needs ^16.8.0 || ^17.0.0 || ^18.0.0 || ^19.0.0) @ https://lf16-scmcdn.oecstatic.com/obj/oec-magellan-sg/gs/pop/widgets/1.0.0.5758/contact-am-qw/static/js/_gs_pop_contact_am_qw.7a9acf08.js:5
[   15810ms] [LOG] %c[ Federation Runtime ] Warn font-weight: bold;color: orange; Version 16.14.0 from _gs_pop_contact_am_qw of shared singleton module react-dom does not satisfy the requirement of _gs_pop_contact_am_qw which needs 16.14.0||17.0.2) @ https://lf16-scmcdn.oecstatic.com/obj/oec-magellan-sg/gs/pop/widgets/1.0.0.5758/contact-am-qw/static/js/_gs_pop_contact_am_qw.7a9acf08.js:5
[   15810ms] [LOG] %c[ Federation Runtime ] Warn font-weight: bold;color: orange; Version 16.14.0 from _gs_pop_contact_am_qw of shared singleton module react does not satisfy the requirement of _gs_pop_contact_am_qw which needs ^16.8.0 || ^17.0.0 || ^18.0.0) @ https://lf16-scmcdn.oecstatic.com/obj/oec-magellan-sg/gs/pop/widgets/1.0.0.5758/contact-am-qw/static/js/_gs_pop_contact_am_qw.7a9acf08.js:5
[   15876ms] [LOG] %cDynokit:Core:v0.0.64 padding: 2px; border-radius: 2px; color: rgb(255, 255, 255); background-color: rgb(54, 154, 254); Register Plugin, name: scene_GS_POP_PC, type: resolver @ https://lf-gs-frontend-cn.fanchenstatic.com/obj/she-op-static/gec/atlas/sc-gs/js/vendor.n0fkrlca.js:121
[   15877ms] [LOG] %cDynokit:Resolver padding: 2px; border-radius: 2px; color: rgb(255, 255, 255); background-color: rgb(0, 158, 61); Register resolve scene_GS_POP_PC success @ https://lf-gs-frontend-cn.fanchenstatic.com/obj/she-op-static/gec/atlas/sc-gs/js/vendor.n0fkrlca.js:121
[   15886ms] [LOG] %cDynokit:Core:v0.0.64 padding: 2px; border-radius: 2px; color: rgb(255, 255, 255); background-color: rgb(0, 158, 61); Create widget @gs-pop/tax-doc-17-notification {resolver: scene_GS_POP_PC, uk: undefined} @ https://lf-gs-frontend-cn.fanchenstatic.com/obj/she-op-static/gec/atlas/sc-gs/js/vendor.n0fkrlca.js:121
[   16336ms] [LOG] %cDynokit:Resolver padding: 2px; border-radius: 2px; color: rgb(255, 255, 255); background-color: rgb(0, 158, 61); Resolve widget name @gs-pop/tax-doc-17-notification from remote @ https://lf-gs-frontend-cn.fanchenstatic.com/obj/she-op-static/gec/atlas/sc-gs/js/vendor.n0fkrlca.js:121
[   16336ms] [LOG] %cDynokit:MF padding: 2px; border-radius: 2px; color: rgb(255, 255, 255); background-color: rgb(54, 154, 254); Start load widget @ https://lf-gs-frontend-cn.fanchenstatic.com/obj/she-op-static/gec/atlas/sc-gs/js/vendor.n0fkrlca.js:121
[   16387ms] [LOG] %c color: @ https://lf-gs-frontend-cn.fanchenstatic.com/obj/she-op-static/gs/pop/widgets/1.0.0.5788/tax-doc-17-notification/static/js/_gs_pop_tax_doc_17_notification_1_0_0_5788.fd21c9ab.js:55
[   16389ms] [LOG] %c[ Federation Runtime ] Warn font-weight: bold;color: yellow; "shared.strategy is deprecated, please set in initOptions.shareStrategy instead!" @ https://lf-gs-frontend-cn.fanchenstatic.com/obj/she-op-static/gs/pop/widgets/1.0.0.5788/tax-doc-17-notification/static/js/_gs_pop_tax_doc_17_notification_1_0_0_5788.fd21c9ab.js:55
[   16389ms] [LOG] %c[ Federation Runtime ] Warn font-weight: bold;color: yellow; "shared.strategy is deprecated, please set in initOptions.shareStrategy instead!" @ https://lf-gs-frontend-cn.fanchenstatic.com/obj/she-op-static/gs/pop/widgets/1.0.0.5788/tax-doc-17-notification/static/js/_gs_pop_tax_doc_17_notification_1_0_0_5788.fd21c9ab.js:55
[   16389ms] [LOG] %c[ Federation Runtime ] Warn font-weight: bold;color: yellow; "shared.strategy is deprecated, please set in initOptions.shareStrategy instead!" @ https://lf-gs-frontend-cn.fanchenstatic.com/obj/she-op-static/gs/pop/widgets/1.0.0.5788/tax-doc-17-notification/static/js/_gs_pop_tax_doc_17_notification_1_0_0_5788.fd21c9ab.js:55
[   16389ms] [LOG] %c[ Federation Runtime ] Warn font-weight: bold;color: yellow; "shared.strategy is deprecated, please set in initOptions.shareStrategy instead!" @ https://lf-gs-frontend-cn.fanchenstatic.com/obj/she-op-static/gs/pop/widgets/1.0.0.5788/tax-doc-17-notification/static/js/_gs_pop_tax_doc_17_notification_1_0_0_5788.fd21c9ab.js:55
[   16389ms] [LOG] %c[ Federation Runtime ] Warn font-weight: bold;color: yellow; "shared.strategy is deprecated, please set in initOptions.shareStrategy instead!" @ https://lf-gs-frontend-cn.fanchenstatic.com/obj/she-op-static/gs/pop/widgets/1.0.0.5788/tax-doc-17-notification/static/js/_gs_pop_tax_doc_17_notification_1_0_0_5788.fd21c9ab.js:55
[   16389ms] [LOG] %c[ Federation Runtime ] Warn font-weight: bold;color: yellow; "shared.strategy is deprecated, please set in initOptions.shareStrategy instead!" @ https://lf-gs-frontend-cn.fanchenstatic.com/obj/she-op-static/gs/pop/widgets/1.0.0.5788/tax-doc-17-notification/static/js/_gs_pop_tax_doc_17_notification_1_0_0_5788.fd21c9ab.js:55
[   16389ms] [LOG] %c[ Federation Runtime ] Warn font-weight: bold;color: yellow; "shared.strategy is deprecated, please set in initOptions.shareStrategy instead!" @ https://lf-gs-frontend-cn.fanchenstatic.com/obj/she-op-static/gs/pop/widgets/1.0.0.5788/tax-doc-17-notification/static/js/_gs_pop_tax_doc_17_notification_1_0_0_5788.fd21c9ab.js:55
[   16389ms] [LOG] %c[ Federation Runtime ] Warn font-weight: bold;color: yellow; "shared.strategy is deprecated, please set in initOptions.shareStrategy instead!" @ https://lf-gs-frontend-cn.fanchenstatic.com/obj/she-op-static/gs/pop/widgets/1.0.0.5788/tax-doc-17-notification/static/js/_gs_pop_tax_doc_17_notification_1_0_0_5788.fd21c9ab.js:55
[   16389ms] [LOG] %c[ Federation Runtime ] Warn font-weight: bold;color: yellow; "shared.strategy is deprecated, please set in initOptions.shareStrategy instead!" @ https://lf-gs-frontend-cn.fanchenstatic.com/obj/she-op-static/gs/pop/widgets/1.0.0.5788/tax-doc-17-notification/static/js/_gs_pop_tax_doc_17_notification_1_0_0_5788.fd21c9ab.js:55
[   16389ms] [LOG] %c[ Federation Runtime ] Warn font-weight: bold;color: yellow; "shared.strategy is deprecated, please set in initOptions.shareStrategy instead!" @ https://lf-gs-frontend-cn.fanchenstatic.com/obj/she-op-static/gs/pop/widgets/1.0.0.5788/tax-doc-17-notification/static/js/_gs_pop_tax_doc_17_notification_1_0_0_5788.fd21c9ab.js:55
[   16389ms] [LOG] %c[ Federation Runtime ] Warn font-weight: bold;color: yellow; "shared.strategy is deprecated, please set in initOptions.shareStrategy instead!" @ https://lf-gs-frontend-cn.fanchenstatic.com/obj/she-op-static/gs/pop/widgets/1.0.0.5788/tax-doc-17-notification/static/js/_gs_pop_tax_doc_17_notification_1_0_0_5788.fd21c9ab.js:55
[   16389ms] [LOG] %c[ Federation Runtime ] Warn font-weight: bold;color: yellow; "shared.strategy is deprecated, please set in initOptions.shareStrategy instead!" @ https://lf-gs-frontend-cn.fanchenstatic.com/obj/she-op-static/gs/pop/widgets/1.0.0.5788/tax-doc-17-notification/static/js/_gs_pop_tax_doc_17_notification_1_0_0_5788.fd21c9ab.js:55
[   16389ms] [LOG] %c[ Federation Runtime ] Warn font-weight: bold;color: yellow; "shared.strategy is deprecated, please set in initOptions.shareStrategy instead!" @ https://lf-gs-frontend-cn.fanchenstatic.com/obj/she-op-static/gs/pop/widgets/1.0.0.5788/tax-doc-17-notification/static/js/_gs_pop_tax_doc_17_notification_1_0_0_5788.fd21c9ab.js:55
[   16389ms] [LOG] %c[ Federation Runtime ] Warn font-weight: bold;color: yellow; "shared.strategy is deprecated, please set in initOptions.shareStrategy instead!" @ https://lf-gs-frontend-cn.fanchenstatic.com/obj/she-op-static/gs/pop/widgets/1.0.0.5788/tax-doc-17-notification/static/js/_gs_pop_tax_doc_17_notification_1_0_0_5788.fd21c9ab.js:55
[   16389ms] [LOG] %c[ Federation Runtime ] Warn font-weight: bold;color: yellow; "shared.strategy is deprecated, please set in initOptions.shareStrategy instead!" @ https://lf-gs-frontend-cn.fanchenstatic.com/obj/she-op-static/gs/pop/widgets/1.0.0.5788/tax-doc-17-notification/static/js/_gs_pop_tax_doc_17_notification_1_0_0_5788.fd21c9ab.js:55
[   16389ms] [LOG] %c[ Federation Runtime ] Warn font-weight: bold;color: yellow; "shared.strategy is deprecated, please set in initOptions.shareStrategy instead!" @ https://lf-gs-frontend-cn.fanchenstatic.com/obj/she-op-static/gs/pop/widgets/1.0.0.5788/tax-doc-17-notification/static/js/_gs_pop_tax_doc_17_notification_1_0_0_5788.fd21c9ab.js:55
[   16389ms] [LOG] %c[ Federation Runtime ] Warn font-weight: bold;color: yellow; "shared.strategy is deprecated, please set in initOptions.shareStrategy instead!" @ https://lf-gs-frontend-cn.fanchenstatic.com/obj/she-op-static/gs/pop/widgets/1.0.0.5788/tax-doc-17-notification/static/js/_gs_pop_tax_doc_17_notification_1_0_0_5788.fd21c9ab.js:55
[   16389ms] [LOG] %c[ Federation Runtime ] Warn font-weight: bold;color: yellow; "shared.strategy is deprecated, please set in initOptions.shareStrategy instead!" @ https://lf-gs-frontend-cn.fanchenstatic.com/obj/she-op-static/gs/pop/widgets/1.0.0.5788/tax-doc-17-notification/static/js/_gs_pop_tax_doc_17_notification_1_0_0_5788.fd21c9ab.js:55
[   16389ms] [LOG] %c[ Federation Runtime ] Warn font-weight: bold;color: yellow; "shared.strategy is deprecated, please set in initOptions.shareStrategy instead!" @ https://lf-gs-frontend-cn.fanchenstatic.com/obj/she-op-static/gs/pop/widgets/1.0.0.5788/tax-doc-17-notification/static/js/_gs_pop_tax_doc_17_notification_1_0_0_5788.fd21c9ab.js:55
[   16389ms] [LOG] %c[ Federation Runtime ] Warn font-weight: bold;color: yellow; "shared.strategy is deprecated, please set in initOptions.shareStrategy instead!" @ https://lf-gs-frontend-cn.fanchenstatic.com/obj/she-op-static/gs/pop/widgets/1.0.0.5788/tax-doc-17-notification/static/js/_gs_pop_tax_doc_17_notification_1_0_0_5788.fd21c9ab.js:55
[   16390ms] [LOG] %c[ Federation Runtime ] Warn font-weight: bold;color: yellow; "shared.strategy is deprecated, please set in initOptions.shareStrategy instead!" @ https://lf-gs-frontend-cn.fanchenstatic.com/obj/she-op-static/gs/pop/widgets/1.0.0.5788/tax-doc-17-notification/static/js/_gs_pop_tax_doc_17_notification_1_0_0_5788.fd21c9ab.js:55
[   16390ms] [LOG] %c[ Federation Runtime ] Warn font-weight: bold;color: yellow; "shared.strategy is deprecated, please set in initOptions.shareStrategy instead!" @ https://lf-gs-frontend-cn.fanchenstatic.com/obj/she-op-static/gs/pop/widgets/1.0.0.5788/tax-doc-17-notification/static/js/_gs_pop_tax_doc_17_notification_1_0_0_5788.fd21c9ab.js:55
[   16390ms] [LOG] %c[ Federation Runtime ] Warn font-weight: bold;color: yellow; "shared.strategy is deprecated, please set in initOptions.shareStrategy instead!" @ https://lf-gs-frontend-cn.fanchenstatic.com/obj/she-op-static/gs/pop/widgets/1.0.0.5788/tax-doc-17-notification/static/js/_gs_pop_tax_doc_17_notification_1_0_0_5788.fd21c9ab.js:55
[   16390ms] [LOG] %c[ Federation Runtime ] Warn font-weight: bold;color: yellow; "shared.strategy is deprecated, please set in initOptions.shareStrategy instead!" @ https://lf-gs-frontend-cn.fanchenstatic.com/obj/she-op-static/gs/pop/widgets/1.0.0.5788/tax-doc-17-notification/static/js/_gs_pop_tax_doc_17_notification_1_0_0_5788.fd21c9ab.js:55
[   16390ms] [LOG] %c[ Federation Runtime ] Warn font-weight: bold;color: yellow; "shared.strategy is deprecated, please set in initOptions.shareStrategy instead!" @ https://lf-gs-frontend-cn.fanchenstatic.com/obj/she-op-static/gs/pop/widgets/1.0.0.5788/tax-doc-17-notification/static/js/_gs_pop_tax_doc_17_notification_1_0_0_5788.fd21c9ab.js:55
[   16390ms] [LOG] %c[ Federation Runtime ] Warn font-weight: bold;color: yellow; "shared.strategy is deprecated, please set in initOptions.shareStrategy instead!" @ https://lf-gs-frontend-cn.fanchenstatic.com/obj/she-op-static/gs/pop/widgets/1.0.0.5788/tax-doc-17-notification/static/js/_gs_pop_tax_doc_17_notification_1_0_0_5788.fd21c9ab.js:55
[   16390ms] [LOG] %c[ Federation Runtime ] Warn font-weight: bold;color: yellow; "shared.strategy is deprecated, please set in initOptions.shareStrategy instead!" @ https://lf-gs-frontend-cn.fanchenstatic.com/obj/she-op-static/gs/pop/widgets/1.0.0.5788/tax-doc-17-notification/static/js/_gs_pop_tax_doc_17_notification_1_0_0_5788.fd21c9ab.js:55
[   16390ms] [LOG] %c[ Federation Runtime ] Warn font-weight: bold;color: yellow; "shared.strategy is deprecated, please set in initOptions.shareStrategy instead!" @ https://lf-gs-frontend-cn.fanchenstatic.com/obj/she-op-static/gs/pop/widgets/1.0.0.5788/tax-doc-17-notification/static/js/_gs_pop_tax_doc_17_notification_1_0_0_5788.fd21c9ab.js:55
[   16390ms] [LOG] %c[ Federation Runtime ] Warn font-weight: bold;color: yellow; "shared.strategy is deprecated, please set in initOptions.shareStrategy instead!" @ https://lf-gs-frontend-cn.fanchenstatic.com/obj/she-op-static/gs/pop/widgets/1.0.0.5788/tax-doc-17-notification/static/js/_gs_pop_tax_doc_17_notification_1_0_0_5788.fd21c9ab.js:55
[   16390ms] [LOG] %c[ Federation Runtime ] Warn font-weight: bold;color: yellow; "shared.strategy is deprecated, please set in initOptions.shareStrategy instead!" @ https://lf-gs-frontend-cn.fanchenstatic.com/obj/she-op-static/gs/pop/widgets/1.0.0.5788/tax-doc-17-notification/static/js/_gs_pop_tax_doc_17_notification_1_0_0_5788.fd21c9ab.js:55
[   16390ms] [LOG] %c[ Federation Runtime ] Warn font-weight: bold;color: yellow; "shared.strategy is deprecated, please set in initOptions.shareStrategy instead!" @ https://lf-gs-frontend-cn.fanchenstatic.com/obj/she-op-static/gs/pop/widgets/1.0.0.5788/tax-doc-17-notification/static/js/_gs_pop_tax_doc_17_notification_1_0_0_5788.fd21c9ab.js:55
[   16672ms] [LOG] init ====> {disableAutoStart: true, app_id: 4068, channel: sg, channel_type: tcpy, useOverseaTea: true} @ https://lf16-scmcdn.oecstatic.com/obj/oec-magellan-sg/i18n/ecom/business/lite-creation/1.0.0.1050/static/js/_ads_creation_sdk.4237bd81.js:1
[   16673ms] [WARNING] [instance: sellerTea], every instance's api: init,  can be call only one time! @ https://lf16-scmcdn.oecstatic.com/obj/oec-magellan-sg/i18n/ecom/business/lite-creation/1.0.0.1050/static/js/_ads_creation_sdk.4237bd81.js:1
[   16673ms] [LOG] sales-inheritance {statusMap: Object, winnerId: null} @ https://lf16-scmcdn.oecstatic.com/obj/oec-magellan-sg/i18n/ecom/merchandise_sea/1.0.0.4951/@seller/product-sales-inheritance/static/js/async/168.a3525e97.js:329
[   16838ms] [LOG] builtIn.enableExtraSnsSubscribeConfirm {showAddProductButtonWithDropDown: false, showMediaCenterEntry: true, showBundleEntrance: false, showBulkOptimizationInBatchGroup: false, showMaterialCentreEntryInBatchGroup: false} @ https://lf-gs-frontend-cn.fanchenstatic.com/obj/she-op-static/i18n/ecom/next/product_manage_page/js/SubscribeDrawer.hl2lelns.js:15
[   17286ms] [WARNING] [SDK] 1784530773367        5 already inited @ https://lf16-scmcdn.oecstatic.com/obj/oec-magellan-sg/i18n/ecom/business/lite-creation/1.0.0.1050/static/js/_ads_creation_sdk.4237bd81.js:1
[   17286ms] [LOG] init ====> {disableAutoStart: true, app_id: 4068, channel: sg, channel_type: tcpy, useOverseaTea: true} @ https://lf16-scmcdn.oecstatic.com/obj/oec-magellan-sg/i18n/ecom/business/lite-creation/1.0.0.1050/static/js/_ads_creation_sdk.4237bd81.js:1
[   17286ms] [WARNING] [instance: sellerTea], every instance's api: init,  can be call only one time! @ https://lf16-scmcdn.oecstatic.com/obj/oec-magellan-sg/i18n/ecom/business/lite-creation/1.0.0.1050/static/js/_ads_creation_sdk.4237bd81.js:1
[   17568ms] [LOG] [starling-client] debug mode enabled, final texts: {30617_7584356014840365064_content: 近 3 天，你的店铺总收入出现下降，其中 {gmv_up_rate}% 可归因于广告计划“{campaign_name}”。请采纳建议，提升总收入。, 30617_7584356014840365064_main_cta_cta_name: 查看, 30617_7584356014840365064_title: 查看总收入下降的广告计划, 30617_7611550926435794951_content: 你至少有一个商品的总收入显著下降。商品的库存、适用范围和价格均无问题。请检查你的广告计划设置或创意作品效果。, 30617_7611550926435794951_main_cta_cta_name: 知道了} @ https://lf16-scmcdn.oecstatic.com/obj/oec-magellan-sg/i18n/ecom/business/lite-creation/1.0.0.1050/static/js/_ads_creation_sdk.4237bd81.js:1
[   17569ms] [INFO] [Staring Info] Starling Client Result: {30617_7584356014840365064_content: 近 3 天，你的店铺总收入出现下降，其中 {gmv_up_rate}% 可归因于广告计划“{campaign_name}”。请采纳建议，提升总收入。, 30617_7584356014840365064_main_cta_cta_name: 查看, 30617_7584356014840365064_title: 查看总收入下降的广告计划, 30617_7611550926435794951_content: 你至少有一个商品的总收入显著下降。商品的库存、适用范围和价格均无问题。请检查你的广告计划设置或创意作品效果。, 30617_7611550926435794951_main_cta_cta_name: 知道了} @ https://lf16-scmcdn.oecstatic.com/obj/oec-magellan-sg/i18n/ecom/business/lite-creation/1.0.0.1050/static/js/_ads_creation_sdk.4237bd81.js:1
[   17574ms] [WARNING] [SDK] 1784530773655        6 already inited @ https://lf16-scmcdn.oecstatic.com/obj/oec-magellan-sg/i18n/ecom/business/lite-creation/1.0.0.1050/static/js/_ads_creation_sdk.4237bd81.js:1
[   17607ms] [LOG] sales-inheritance {statusMap: Object, winnerId: null} @ https://lf16-scmcdn.oecstatic.com/obj/oec-magellan-sg/i18n/ecom/merchandise_sea/1.0.0.4951/@seller/product-sales-inheritance/static/js/async/168.a3525e97.js:329
[   18345ms] [LOG] sales-inheritance {statusMap: Object, winnerId: null} @ https://lf16-scmcdn.oecstatic.com/obj/oec-magellan-sg/i18n/ecom/merchandise_sea/1.0.0.4951/@seller/product-sales-inheritance/static/js/async/168.a3525e97.js:329
[   18469ms] [LOG] sales-inheritance {statusMap: Object, winnerId: price-opportunities} @ https://lf16-scmcdn.oecstatic.com/obj/oec-magellan-sg/i18n/ecom/merchandise_sea/1.0.0.4951/@seller/product-sales-inheritance/static/js/async/168.a3525e97.js:329
[   18491ms] [LOG] %cDynokit:Core:v0.0.64 padding: 2px; border-radius: 2px; color: rgb(255, 255, 255); background-color: rgb(54, 154, 254); Register Plugin, name: scene_SC_Outreach_Popup, type: resolver @ https://lf-gs-frontend-cn.fanchenstatic.com/obj/she-op-static/gec/atlas/sc-gs/js/vendor.n0fkrlca.js:121
[   18491ms] [LOG] %cDynokit:Resolver padding: 2px; border-radius: 2px; color: rgb(255, 255, 255); background-color: rgb(0, 158, 61); Register resolve scene_SC_Outreach_Popup success @ https://lf-gs-frontend-cn.fanchenstatic.com/obj/she-op-static/gec/atlas/sc-gs/js/vendor.n0fkrlca.js:121
[   18529ms] [LOG] sales-inheritance {statusMap: Object, winnerId: price-opportunities} @ https://lf16-scmcdn.oecstatic.com/obj/oec-magellan-sg/i18n/ecom/merchandise_sea/1.0.0.4951/@seller/product-sales-inheritance/static/js/async/168.a3525e97.js:329
[   18530ms] [LOG] isEarlyBirdUser undefined @ https://lf16-scmcdn.oecstatic.com/obj/oec-magellan-sg/i18n/ecom/merchandise_sea/1.0.0.4951/@seller/product-sales-inheritance/static/js/async/168.a3525e97.js:288
[   18540ms] [LOG] isEarlyBirdUser undefined @ https://lf16-scmcdn.oecstatic.com/obj/oec-magellan-sg/i18n/ecom/merchandise_sea/1.0.0.4951/@seller/product-sales-inheritance/static/js/async/168.a3525e97.js:288
[   18546ms] [LOG] isEarlyBirdUser undefined @ https://lf16-scmcdn.oecstatic.com/obj/oec-magellan-sg/i18n/ecom/merchandise_sea/1.0.0.4951/@seller/product-sales-inheritance/static/js/async/168.a3525e97.js:288
[   18547ms] [LOG] isEarlyBirdUser undefined @ https://lf16-scmcdn.oecstatic.com/obj/oec-magellan-sg/i18n/ecom/merchandise_sea/1.0.0.4951/@seller/product-sales-inheritance/static/js/async/168.a3525e97.js:288
[   18548ms] [LOG] isEarlyBirdUser undefined @ https://lf16-scmcdn.oecstatic.com/obj/oec-magellan-sg/i18n/ecom/merchandise_sea/1.0.0.4951/@seller/product-sales-inheritance/static/js/async/168.a3525e97.js:288
[   18554ms] [LOG] isEarlyBirdUser undefined @ https://lf16-scmcdn.oecstatic.com/obj/oec-magellan-sg/i18n/ecom/merchandise_sea/1.0.0.4951/@seller/product-sales-inheritance/static/js/async/168.a3525e97.js:288
[   18565ms] [LOG] isEarlyBirdUser true @ https://lf16-scmcdn.oecstatic.com/obj/oec-magellan-sg/i18n/ecom/merchandise_sea/1.0.0.4951/@seller/product-sales-inheritance/static/js/async/168.a3525e97.js:288
[   18567ms] [LOG] isEarlyBirdUser true @ https://lf16-scmcdn.oecstatic.com/obj/oec-magellan-sg/i18n/ecom/merchandise_sea/1.0.0.4951/@seller/product-sales-inheritance/static/js/async/168.a3525e97.js:288
[   18568ms] [LOG] isEarlyBirdUser true @ https://lf16-scmcdn.oecstatic.com/obj/oec-magellan-sg/i18n/ecom/merchandise_sea/1.0.0.4951/@seller/product-sales-inheritance/static/js/async/168.a3525e97.js:288
[   18568ms] [LOG] isEarlyBirdUser true @ https://lf16-scmcdn.oecstatic.com/obj/oec-magellan-sg/i18n/ecom/merchandise_sea/1.0.0.4951/@seller/product-sales-inheritance/static/js/async/168.a3525e97.js:288
[   18570ms] [LOG] isEarlyBirdUser true @ https://lf16-scmcdn.oecstatic.com/obj/oec-magellan-sg/i18n/ecom/merchandise_sea/1.0.0.4951/@seller/product-sales-inheritance/static/js/async/168.a3525e97.js:288
[   18570ms] [LOG] isEarlyBirdUser true @ https://lf16-scmcdn.oecstatic.com/obj/oec-magellan-sg/i18n/ecom/merchandise_sea/1.0.0.4951/@seller/product-sales-inheritance/static/js/async/168.a3525e97.js:288
[   18572ms] [LOG] isEarlyBirdUser true @ https://lf16-scmcdn.oecstatic.com/obj/oec-magellan-sg/i18n/ecom/merchandise_sea/1.0.0.4951/@seller/product-sales-inheritance/static/js/async/168.a3525e97.js:288
[   18655ms] [LOG] %cDynokit:@message/message-popup padding: 2px; border-radius: 2px; color: rgb(255, 255, 255); background-color: rgb(0, 158, 61); create widget instance success. @ https://lf-gs-frontend-cn.fanchenstatic.com/obj/she-op-static/gec/atlas/sc-gs/js/vendor.n0fkrlca.js:121
[   18655ms] [LOG] %cDynokit:@message/message-popup padding: 2px; border-radius: 2px; color: rgb(255, 255, 255); background-color: rgb(54, 154, 254); Resolve result {name: @message/message-popup, version: 1.0.0.152, starling: Object, cdn: oec_magellan, dependencies: Array(1)} @ https://lf-gs-frontend-cn.fanchenstatic.com/obj/she-op-static/gec/atlas/sc-gs/js/vendor.n0fkrlca.js:121
[   18655ms] [LOG] %cDynokit:@message/message-popup padding: 2px; border-radius: 2px; color: rgb(255, 255, 255); background-color: rgb(54, 154, 254); Apply middleware [global_data_middleware, event_middleware, i18n_middleware] @ https://lf-gs-frontend-cn.fanchenstatic.com/obj/she-op-static/gec/atlas/sc-gs/js/vendor.n0fkrlca.js:121
[   18655ms] [LOG] %cDynokit:@message/message-popup padding: 2px; border-radius: 2px; color: rgb(255, 255, 255); background-color: rgb(54, 154, 254); Widget load cost: 4349.899999976158ms @ https://lf-gs-frontend-cn.fanchenstatic.com/obj/she-op-static/gec/atlas/sc-gs/js/vendor.n0fkrlca.js:121
[   18655ms] [LOG] %cDynokit:@message/message-popup padding: 2px; border-radius: 2px; color: rgb(255, 255, 255); background-color: rgb(54, 154, 254); Mount widget undefined undefined @ https://lf-gs-frontend-cn.fanchenstatic.com/obj/she-op-static/gec/atlas/sc-gs/js/vendor.n0fkrlca.js:121
[   18655ms] [LOG] %cDynokit:@message/message-popup padding: 2px; border-radius: 2px; color: rgb(255, 255, 255); background-color: rgb(0, 158, 61); Mount widget from cache undefined undefined @ https://lf-gs-frontend-cn.fanchenstatic.com/obj/she-op-static/gec/atlas/sc-gs/js/vendor.n0fkrlca.js:121
[   18715ms] [LOG] Fetching modal for path: /product/manage @ https://lf16-scmcdn.oecstatic.com/obj/oec-magellan-sg/i18n/ecom/shop/widget_factory/message_popup/1.0.0.152/static/js/async/679.749c2b04.js:0
[   18725ms] [LOG] isEarlyBirdUser true @ https://lf16-scmcdn.oecstatic.com/obj/oec-magellan-sg/i18n/ecom/merchandise_sea/1.0.0.4951/@seller/product-sales-inheritance/static/js/async/168.a3525e97.js:288
[   18726ms] [LOG] isEarlyBirdUser true @ https://lf16-scmcdn.oecstatic.com/obj/oec-magellan-sg/i18n/ecom/merchandise_sea/1.0.0.4951/@seller/product-sales-inheritance/static/js/async/168.a3525e97.js:288
[   18727ms] [LOG] isEarlyBirdUser true @ https://lf16-scmcdn.oecstatic.com/obj/oec-magellan-sg/i18n/ecom/merchandise_sea/1.0.0.4951/@seller/product-sales-inheritance/static/js/async/168.a3525e97.js:288
[   18728ms] [LOG] isEarlyBirdUser true @ https://lf16-scmcdn.oecstatic.com/obj/oec-magellan-sg/i18n/ecom/merchandise_sea/1.0.0.4951/@seller/product-sales-inheritance/static/js/async/168.a3525e97.js:288
